<?xml version="1.0" encoding="UTF-8"?>
<coverage generated="1539983113386" clover="3.2.0">
  <project timestamp="1539983113386" name="All files">
    <metrics statements="220" coveredstatements="58" conditionals="117" coveredconditionals="15" methods="94" coveredmethods="24" elements="431" coveredelements="97" complexity="0" loc="220" ncloc="220" packages="5" files="5" classes="5">
      <package name="assets">
        <metrics statements="1" coveredstatements="1" conditionals="0" coveredconditionals="0" methods="0" coveredmethods="0"/>
        <file name="background.jpg" path="/home/asmund/Desktop/progging/web3-learning/schnoodle/src/assets/background.jpg">
          <metrics statements="1" coveredstatements="1" conditionals="0" coveredconditionals="0" methods="0" coveredmethods="0"/>
          <line num="1" count="1" type="stmt"/>
        </file>
      </package>
      <package name="screens.Calendar">
        <metrics statements="63" coveredstatements="13" conditionals="20" coveredconditionals="3" methods="29" coveredmethods="8"/>
        <file name="index.js" path="/home/asmund/Desktop/progging/web3-learning/schnoodle/src/screens/Calendar/index.js">
          <metrics statements="63" coveredstatements="13" conditionals="20" coveredconditionals="3" methods="29" coveredmethods="8"/>
          <line num="20" count="1" type="stmt"/>
          <line num="21" count="1" type="stmt"/>
          <line num="56" count="0" type="cond" truecount="0" falsecount="2"/>
          <line num="58" count="0" type="stmt"/>
          <line num="71" count="1" type="cond" truecount="1" falsecount="1"/>
          <line num="74" count="0" type="stmt"/>
          <line num="81" count="1" type="cond" truecount="1" falsecount="1"/>
          <line num="84" count="0" type="stmt"/>
          <line num="85" count="0" type="stmt"/>
          <line num="91" count="0" type="stmt"/>
          <line num="95" count="1" type="stmt"/>
          <line num="126" count="0" type="stmt"/>
          <line num="129" count="0" type="stmt"/>
          <line num="132" count="0" type="stmt"/>
          <line num="157" count="0" type="stmt"/>
          <line num="159" count="0" type="stmt"/>
          <line num="173" count="1" type="stmt"/>
          <line num="174" count="1" type="stmt"/>
          <line num="179" count="1" type="stmt"/>
          <line num="180" count="0" type="stmt"/>
          <line num="181" count="0" type="stmt"/>
          <line num="182" count="0" type="stmt"/>
          <line num="183" count="0" type="cond" truecount="0" falsecount="2"/>
          <line num="184" count="0" type="stmt"/>
          <line num="185" count="0" type="stmt"/>
          <line num="188" count="0" type="stmt"/>
          <line num="189" count="0" type="stmt"/>
          <line num="190" count="0" type="stmt"/>
          <line num="198" count="0" type="stmt"/>
          <line num="199" count="0" type="cond" truecount="0" falsecount="2"/>
          <line num="200" count="0" type="stmt"/>
          <line num="201" count="0" type="stmt"/>
          <line num="203" count="0" type="stmt"/>
          <line num="204" count="0" type="stmt"/>
          <line num="205" count="0" type="stmt"/>
          <line num="213" count="0" type="stmt"/>
          <line num="220" count="0" type="stmt"/>
          <line num="222" count="0" type="stmt"/>
          <line num="229" count="0" type="stmt"/>
          <line num="234" count="1" type="stmt"/>
          <line num="235" count="1" type="stmt"/>
          <line num="241" count="1" type="cond" truecount="1" falsecount="1"/>
          <line num="242" count="1" type="stmt"/>
          <line num="244" count="0" type="cond" truecount="0" falsecount="2"/>
          <line num="245" count="0" type="stmt"/>
          <line num="247" count="0" type="stmt"/>
          <line num="252" count="0" type="stmt"/>
          <line num="259" count="0" type="stmt"/>
          <line num="260" count="0" type="stmt"/>
          <line num="265" count="0" type="stmt"/>
          <line num="266" count="0" type="cond" truecount="0" falsecount="4"/>
          <line num="267" count="0" type="stmt"/>
          <line num="269" count="0" type="stmt"/>
          <line num="271" count="0" type="stmt"/>
          <line num="272" count="0" type="stmt"/>
          <line num="277" count="0" type="stmt"/>
          <line num="278" count="0" type="stmt"/>
          <line num="279" count="0" type="stmt"/>
          <line num="280" count="0" type="cond" truecount="0" falsecount="2"/>
          <line num="281" count="0" type="stmt"/>
          <line num="292" count="0" type="stmt"/>
          <line num="293" count="0" type="stmt"/>
          <line num="298" count="1" type="stmt"/>
        </file>
      </package>
      <package name="screens.DailyProgress">
        <metrics statements="94" coveredstatements="21" conditionals="69" coveredconditionals="5" methods="33" coveredmethods="9"/>
        <file name="index.js" path="/home/asmund/Desktop/progging/web3-learning/schnoodle/src/screens/DailyProgress/index.js">
          <metrics statements="94" coveredstatements="21" conditionals="69" coveredconditionals="5" methods="33" coveredmethods="9"/>
          <line num="20" count="1" type="stmt"/>
          <line num="23" count="1" type="stmt"/>
          <line num="41" count="0" type="cond" truecount="0" falsecount="2"/>
          <line num="43" count="0" type="stmt"/>
          <line num="61" count="1" type="cond" truecount="1" falsecount="1"/>
          <line num="64" count="0" type="stmt"/>
          <line num="69" count="1" type="stmt"/>
          <line num="70" count="1" type="stmt"/>
          <line num="71" count="1" type="stmt"/>
          <line num="74" count="1" type="cond" truecount="1" falsecount="1"/>
          <line num="77" count="0" type="stmt"/>
          <line num="78" count="0" type="stmt"/>
          <line num="85" count="0" type="stmt"/>
          <line num="86" count="0" type="stmt"/>
          <line num="87" count="0" type="stmt"/>
          <line num="88" count="0" type="stmt"/>
          <line num="96" count="1" type="stmt"/>
          <line num="98" count="1" type="stmt"/>
          <line num="100" count="0" type="stmt"/>
          <line num="102" count="0" type="stmt"/>
          <line num="104" count="0" type="stmt"/>
          <line num="106" count="0" type="stmt"/>
          <line num="108" count="0" type="cond" truecount="0" falsecount="4"/>
          <line num="109" count="0" type="cond" truecount="0" falsecount="2"/>
          <line num="111" count="0" type="cond" truecount="0" falsecount="4"/>
          <line num="112" count="0" type="cond" truecount="0" falsecount="2"/>
          <line num="114" count="0" type="cond" truecount="0" falsecount="4"/>
          <line num="115" count="0" type="cond" truecount="0" falsecount="2"/>
          <line num="117" count="0" type="cond" truecount="0" falsecount="4"/>
          <line num="118" count="0" type="cond" truecount="0" falsecount="2"/>
          <line num="120" count="0" type="cond" truecount="0" falsecount="4"/>
          <line num="121" count="0" type="cond" truecount="0" falsecount="2"/>
          <line num="131" count="0" type="stmt"/>
          <line num="133" count="0" type="stmt"/>
          <line num="135" count="0" type="stmt"/>
          <line num="137" count="0" type="stmt"/>
          <line num="139" count="0" type="stmt"/>
          <line num="144" count="0" type="stmt"/>
          <line num="149" count="0" type="cond" truecount="0" falsecount="2"/>
          <line num="150" count="0" type="stmt"/>
          <line num="153" count="0" type="stmt"/>
          <line num="156" count="0" type="stmt"/>
          <line num="157" count="0" type="stmt"/>
          <line num="160" count="0" type="stmt"/>
          <line num="161" count="0" type="stmt"/>
          <line num="166" count="0" type="cond" truecount="0" falsecount="2"/>
          <line num="167" count="0" type="stmt"/>
          <line num="170" count="0" type="stmt"/>
          <line num="173" count="0" type="stmt"/>
          <line num="174" count="0" type="stmt"/>
          <line num="177" count="0" type="stmt"/>
          <line num="178" count="0" type="stmt"/>
          <line num="183" count="0" type="cond" truecount="0" falsecount="5"/>
          <line num="187" count="0" type="stmt"/>
          <line num="193" count="0" type="cond" truecount="0" falsecount="2"/>
          <line num="194" count="0" type="stmt"/>
          <line num="195" count="0" type="stmt"/>
          <line num="196" count="0" type="cond" truecount="0" falsecount="2"/>
          <line num="197" count="0" type="stmt"/>
          <line num="198" count="0" type="stmt"/>
          <line num="199" count="0" type="cond" truecount="0" falsecount="2"/>
          <line num="200" count="0" type="stmt"/>
          <line num="201" count="0" type="stmt"/>
          <line num="208" count="1" type="stmt"/>
          <line num="209" count="0" type="cond" truecount="0" falsecount="2"/>
          <line num="212" count="0" type="stmt"/>
          <line num="215" count="1" type="stmt"/>
          <line num="217" count="0" type="cond" truecount="0" falsecount="2"/>
          <line num="222" count="0" type="cond" truecount="0" falsecount="2"/>
          <line num="229" count="1" type="stmt"/>
          <line num="230" count="1" type="stmt"/>
          <line num="231" count="1" type="stmt"/>
          <line num="232" count="1" type="stmt"/>
          <line num="234" count="0" type="cond" truecount="0" falsecount="2"/>
          <line num="237" count="0" type="cond" truecount="0" falsecount="2"/>
          <line num="246" count="0" type="cond" truecount="0" falsecount="2"/>
          <line num="247" count="0" type="stmt"/>
          <line num="252" count="0" type="stmt"/>
          <line num="253" count="0" type="stmt"/>
          <line num="258" count="0" type="stmt"/>
          <line num="259" count="0" type="stmt"/>
          <line num="263" count="1" type="stmt"/>
          <line num="273" count="0" type="stmt"/>
          <line num="286" count="0" type="stmt"/>
          <line num="299" count="0" type="stmt"/>
          <line num="326" count="1" type="stmt"/>
          <line num="348" count="1" type="stmt"/>
          <line num="359" count="0" type="stmt"/>
          <line num="363" count="0" type="stmt"/>
          <line num="381" count="1" type="stmt"/>
          <line num="393" count="0" type="stmt"/>
          <line num="397" count="0" type="stmt"/>
          <line num="418" count="1" type="stmt"/>
          <line num="504" count="1" type="stmt"/>
        </file>
      </package>
      <package name="screens.HomeScreen">
        <metrics statements="18" coveredstatements="9" conditionals="8" coveredconditionals="3" methods="8" coveredmethods="4"/>
        <file name="index.js" path="/home/asmund/Desktop/progging/web3-learning/schnoodle/src/screens/HomeScreen/index.js">
          <metrics statements="18" coveredstatements="9" conditionals="8" coveredconditionals="3" methods="8" coveredmethods="4"/>
          <line num="7" count="1" type="stmt"/>
          <line num="8" count="1" type="stmt"/>
          <line num="46" count="1" type="cond" truecount="1" falsecount="1"/>
          <line num="49" count="0" type="stmt"/>
          <line num="50" count="0" type="stmt"/>
          <line num="52" count="0" type="stmt"/>
          <line num="53" count="0" type="stmt"/>
          <line num="61" count="0" type="stmt"/>
          <line num="66" count="1" type="stmt"/>
          <line num="102" count="0" type="stmt"/>
          <line num="103" count="0" type="cond" truecount="0" falsecount="2"/>
          <line num="104" count="0" type="stmt"/>
          <line num="106" count="0" type="stmt"/>
          <line num="113" count="2" type="stmt"/>
          <line num="114" count="2" type="stmt"/>
          <line num="115" count="2" type="stmt"/>
          <line num="116" count="2" type="stmt"/>
          <line num="124" count="1" type="stmt"/>
        </file>
      </package>
      <package name="screens.TodoList">
        <metrics statements="44" coveredstatements="14" conditionals="20" coveredconditionals="4" methods="24" coveredmethods="3"/>
        <file name="index.js" path="/home/asmund/Desktop/progging/web3-learning/schnoodle/src/screens/TodoList/index.js">
          <metrics statements="44" coveredstatements="14" conditionals="20" coveredconditionals="4" methods="24" coveredmethods="3"/>
          <line num="20" count="1" type="stmt"/>
          <line num="21" count="1" type="stmt"/>
          <line num="26" count="1" type="stmt"/>
          <line num="29" count="1" type="stmt"/>
          <line num="43" count="0" type="stmt"/>
          <line num="54" count="1" type="stmt"/>
          <line num="57" count="1" type="stmt"/>
          <line num="59" count="0" type="cond" truecount="0" falsecount="2"/>
          <line num="62" count="1" type="stmt"/>
          <line num="64" count="0" type="cond" truecount="0" falsecount="2"/>
          <line num="68" count="1" type="cond" truecount="0" falsecount="4"/>
          <line num="71" count="1" type="cond" truecount="1" falsecount="1"/>
          <line num="74" count="0" type="stmt"/>
          <line num="75" count="0" type="stmt"/>
          <line num="81" count="0" type="stmt"/>
          <line num="82" count="0" type="stmt"/>
          <line num="90" count="0" type="stmt"/>
          <line num="95" count="0" type="stmt"/>
          <line num="97" count="0" type="cond" truecount="0" falsecount="2"/>
          <line num="98" count="0" type="stmt"/>
          <line num="100" count="0" type="stmt"/>
          <line num="101" count="0" type="stmt"/>
          <line num="106" count="0" type="stmt"/>
          <line num="113" count="0" type="stmt"/>
          <line num="115" count="0" type="stmt"/>
          <line num="117" count="0" type="stmt"/>
          <line num="119" count="0" type="stmt"/>
          <line num="121" count="0" type="stmt"/>
          <line num="123" count="0" type="stmt"/>
          <line num="128" count="0" type="stmt"/>
          <line num="133" count="0" type="stmt"/>
          <line num="137" count="0" type="stmt"/>
          <line num="160" count="1" type="stmt"/>
          <line num="163" count="0" type="stmt"/>
          <line num="166" count="0" type="stmt"/>
          <line num="199" count="1" type="stmt"/>
          <line num="201" count="0" type="stmt"/>
          <line num="202" count="0" type="cond" truecount="0" falsecount="2"/>
          <line num="206" count="0" type="stmt"/>
          <line num="209" count="1" type="stmt"/>
          <line num="210" count="0" type="stmt"/>
          <line num="214" count="0" type="stmt"/>
          <line num="218" count="1" type="stmt"/>
          <line num="271" count="1" type="stmt"/>
        </file>
      </package>
    </metrics>
  </project>
</coverage>
