{"/home/asmund/Desktop/progging/web3-learning/schnoodle/src/assets/background.jpg": {"path":"/home/asmund/Desktop/progging/web3-learning/schnoodle/src/assets/background.jpg","statementMap":{"0":{"start":{"line":1,"column":0},"end":{"line":1,"column":19}}},"fnMap":{},"branchMap":{},"s":{"0":1},"f":{},"b":{},"_coverageSchema":"332fd63041d2c1bcb487cc26dd0d5f7d97098a6c","hash":"66f7193ab2e4371b70e51c25cd65f20d2055e6c0"}
,"/home/asmund/Desktop/progging/web3-learning/schnoodle/src/screens/Calendar/index.js": {"path":"/home/asmund/Desktop/progging/web3-learning/schnoodle/src/screens/Calendar/index.js","statementMap":{"0":{"start":{"line":20,"column":8},"end":{"line":20,"column":21}},"1":{"start":{"line":21,"column":8},"end":{"line":51,"column":10}},"2":{"start":{"line":56,"column":23},"end":{"line":56,"column":52}},"3":{"start":{"line":58,"column":8},"end":{"line":67,"column":10}},"4":{"start":{"line":71,"column":8},"end":{"line":75,"column":9}},"5":{"start":{"line":74,"column":12},"end":{"line":74,"column":78}},"6":{"start":{"line":81,"column":8},"end":{"line":87,"column":9}},"7":{"start":{"line":84,"column":12},"end":{"line":86,"column":15}},"8":{"start":{"line":85,"column":16},"end":{"line":85,"column":49}},"9":{"start":{"line":91,"column":8},"end":{"line":91,"column":35}},"10":{"start":{"line":95,"column":8},"end":{"line":169,"column":10}},"11":{"start":{"line":126,"column":64},"end":{"line":126,"column":98}},"12":{"start":{"line":129,"column":69},"end":{"line":129,"column":88}},"13":{"start":{"line":132,"column":68},"end":{"line":132,"column":86}},"14":{"start":{"line":157,"column":42},"end":{"line":157,"column":62}},"15":{"start":{"line":159,"column":43},"end":{"line":159,"column":63}},"16":{"start":{"line":173,"column":24},"end":{"line":173,"column":47}},"17":{"start":{"line":174,"column":8},"end":{"line":174,"column":100}},"18":{"start":{"line":179,"column":8},"end":{"line":193,"column":17}},"19":{"start":{"line":180,"column":12},"end":{"line":187,"column":13}},"20":{"start":{"line":181,"column":29},"end":{"line":181,"column":68}},"21":{"start":{"line":182,"column":32},"end":{"line":182,"column":55}},"22":{"start":{"line":183,"column":16},"end":{"line":186,"column":17}},"23":{"start":{"line":184,"column":20},"end":{"line":184,"column":51}},"24":{"start":{"line":185,"column":20},"end":{"line":185,"column":48}},"25":{"start":{"line":188,"column":29},"end":{"line":188,"column":31}},"26":{"start":{"line":189,"column":12},"end":{"line":189,"column":99}},"27":{"start":{"line":189,"column":58},"end":{"line":189,"column":96}},"28":{"start":{"line":190,"column":12},"end":{"line":192,"column":15}},"29":{"start":{"line":198,"column":8},"end":{"line":208,"column":17}},"30":{"start":{"line":199,"column":16},"end":{"line":202,"column":17}},"31":{"start":{"line":200,"column":20},"end":{"line":200,"column":54}},"32":{"start":{"line":201,"column":20},"end":{"line":201,"column":51}},"33":{"start":{"line":203,"column":29},"end":{"line":203,"column":31}},"34":{"start":{"line":204,"column":12},"end":{"line":204,"column":99}},"35":{"start":{"line":204,"column":58},"end":{"line":204,"column":96}},"36":{"start":{"line":205,"column":12},"end":{"line":207,"column":15}},"37":{"start":{"line":213,"column":8},"end":{"line":215,"column":10}},"38":{"start":{"line":220,"column":19},"end":{"line":220,"column":90}},"39":{"start":{"line":222,"column":8},"end":{"line":224,"column":10}},"40":{"start":{"line":229,"column":8},"end":{"line":229,"column":35}},"41":{"start":{"line":234,"column":21},"end":{"line":234,"column":35}},"42":{"start":{"line":235,"column":8},"end":{"line":235,"column":48}},"43":{"start":{"line":241,"column":8},"end":{"line":243,"column":9}},"44":{"start":{"line":242,"column":12},"end":{"line":242,"column":22}},"45":{"start":{"line":244,"column":8},"end":{"line":246,"column":9}},"46":{"start":{"line":245,"column":12},"end":{"line":245,"column":22}},"47":{"start":{"line":247,"column":8},"end":{"line":247,"column":28}},"48":{"start":{"line":252,"column":8},"end":{"line":254,"column":11}},"49":{"start":{"line":259,"column":19},"end":{"line":259,"column":42}},"50":{"start":{"line":260,"column":8},"end":{"line":260,"column":45}},"51":{"start":{"line":265,"column":8},"end":{"line":265,"column":28}},"52":{"start":{"line":266,"column":8},"end":{"line":270,"column":9}},"53":{"start":{"line":267,"column":12},"end":{"line":267,"column":76}},"54":{"start":{"line":269,"column":12},"end":{"line":269,"column":61}},"55":{"start":{"line":271,"column":8},"end":{"line":271,"column":52}},"56":{"start":{"line":272,"column":8},"end":{"line":272,"column":47}},"57":{"start":{"line":277,"column":8},"end":{"line":287,"column":9}},"58":{"start":{"line":278,"column":25},"end":{"line":278,"column":60}},"59":{"start":{"line":279,"column":12},"end":{"line":279,"column":43}},"60":{"start":{"line":280,"column":12},"end":{"line":285,"column":13}},"61":{"start":{"line":281,"column":16},"end":{"line":284,"column":19}},"62":{"start":{"line":292,"column":8},"end":{"line":292,"column":41}},"63":{"start":{"line":293,"column":8},"end":{"line":293,"column":44}},"64":{"start":{"line":298,"column":15},"end":{"line":352,"column":2}}},"fnMap":{"0":{"name":"(anonymous_0)","decl":{"start":{"line":19,"column":4},"end":{"line":19,"column":5}},"loc":{"start":{"line":19,"column":23},"end":{"line":52,"column":5}},"line":19},"1":{"name":"(anonymous_1)","decl":{"start":{"line":55,"column":31},"end":{"line":55,"column":32}},"loc":{"start":{"line":55,"column":51},"end":{"line":68,"column":5}},"line":55},"2":{"name":"(anonymous_2)","decl":{"start":{"line":70,"column":4},"end":{"line":70,"column":5}},"loc":{"start":{"line":70,"column":25},"end":{"line":76,"column":5}},"line":70},"3":{"name":"(anonymous_3)","decl":{"start":{"line":80,"column":4},"end":{"line":80,"column":5}},"loc":{"start":{"line":80,"column":24},"end":{"line":88,"column":5}},"line":80},"4":{"name":"(anonymous_4)","decl":{"start":{"line":84,"column":78},"end":{"line":84,"column":79}},"loc":{"start":{"line":84,"column":84},"end":{"line":86,"column":13}},"line":84},"5":{"name":"(anonymous_5)","decl":{"start":{"line":90,"column":4},"end":{"line":90,"column":5}},"loc":{"start":{"line":90,"column":27},"end":{"line":92,"column":5}},"line":90},"6":{"name":"(anonymous_6)","decl":{"start":{"line":94,"column":4},"end":{"line":94,"column":5}},"loc":{"start":{"line":94,"column":13},"end":{"line":170,"column":5}},"line":94},"7":{"name":"(anonymous_7)","decl":{"start":{"line":126,"column":54},"end":{"line":126,"column":55}},"loc":{"start":{"line":126,"column":64},"end":{"line":126,"column":98}},"line":126},"8":{"name":"(anonymous_8)","decl":{"start":{"line":129,"column":63},"end":{"line":129,"column":64}},"loc":{"start":{"line":129,"column":69},"end":{"line":129,"column":88}},"line":129},"9":{"name":"(anonymous_9)","decl":{"start":{"line":132,"column":62},"end":{"line":132,"column":63}},"loc":{"start":{"line":132,"column":68},"end":{"line":132,"column":86}},"line":132},"10":{"name":"(anonymous_10)","decl":{"start":{"line":157,"column":32},"end":{"line":157,"column":33}},"loc":{"start":{"line":157,"column":41},"end":{"line":157,"column":63}},"line":157},"11":{"name":"(anonymous_11)","decl":{"start":{"line":159,"column":33},"end":{"line":159,"column":34}},"loc":{"start":{"line":159,"column":42},"end":{"line":159,"column":64}},"line":159},"12":{"name":"(anonymous_12)","decl":{"start":{"line":172,"column":4},"end":{"line":172,"column":5}},"loc":{"start":{"line":172,"column":23},"end":{"line":175,"column":5}},"line":172},"13":{"name":"(anonymous_13)","decl":{"start":{"line":178,"column":4},"end":{"line":178,"column":5}},"loc":{"start":{"line":178,"column":19},"end":{"line":194,"column":5}},"line":178},"14":{"name":"(anonymous_14)","decl":{"start":{"line":179,"column":19},"end":{"line":179,"column":20}},"loc":{"start":{"line":179,"column":25},"end":{"line":193,"column":9}},"line":179},"15":{"name":"(anonymous_15)","decl":{"start":{"line":189,"column":50},"end":{"line":189,"column":51}},"loc":{"start":{"line":189,"column":57},"end":{"line":189,"column":97}},"line":189},"16":{"name":"(anonymous_16)","decl":{"start":{"line":197,"column":4},"end":{"line":197,"column":5}},"loc":{"start":{"line":197,"column":25},"end":{"line":209,"column":5}},"line":197},"17":{"name":"(anonymous_17)","decl":{"start":{"line":198,"column":19},"end":{"line":198,"column":20}},"loc":{"start":{"line":198,"column":25},"end":{"line":208,"column":9}},"line":198},"18":{"name":"(anonymous_18)","decl":{"start":{"line":204,"column":50},"end":{"line":204,"column":51}},"loc":{"start":{"line":204,"column":57},"end":{"line":204,"column":97}},"line":204},"19":{"name":"(anonymous_19)","decl":{"start":{"line":212,"column":4},"end":{"line":212,"column":5}},"loc":{"start":{"line":212,"column":21},"end":{"line":216,"column":5}},"line":212},"20":{"name":"(anonymous_20)","decl":{"start":{"line":219,"column":4},"end":{"line":219,"column":5}},"loc":{"start":{"line":219,"column":22},"end":{"line":225,"column":5}},"line":219},"21":{"name":"(anonymous_21)","decl":{"start":{"line":228,"column":4},"end":{"line":228,"column":5}},"loc":{"start":{"line":228,"column":26},"end":{"line":230,"column":5}},"line":228},"22":{"name":"(anonymous_22)","decl":{"start":{"line":233,"column":4},"end":{"line":233,"column":5}},"loc":{"start":{"line":233,"column":23},"end":{"line":236,"column":5}},"line":233},"23":{"name":"(anonymous_23)","decl":{"start":{"line":239,"column":4},"end":{"line":239,"column":5}},"loc":{"start":{"line":239,"column":19},"end":{"line":248,"column":5}},"line":239},"24":{"name":"(anonymous_24)","decl":{"start":{"line":251,"column":4},"end":{"line":251,"column":5}},"loc":{"start":{"line":251,"column":20},"end":{"line":255,"column":5}},"line":251},"25":{"name":"(anonymous_25)","decl":{"start":{"line":258,"column":19},"end":{"line":258,"column":20}},"loc":{"start":{"line":258,"column":25},"end":{"line":261,"column":5}},"line":258},"26":{"name":"(anonymous_26)","decl":{"start":{"line":264,"column":4},"end":{"line":264,"column":5}},"loc":{"start":{"line":264,"column":24},"end":{"line":273,"column":5}},"line":264},"27":{"name":"(anonymous_27)","decl":{"start":{"line":276,"column":20},"end":{"line":276,"column":21}},"loc":{"start":{"line":276,"column":39},"end":{"line":288,"column":5}},"line":276},"28":{"name":"(anonymous_28)","decl":{"start":{"line":291,"column":16},"end":{"line":291,"column":17}},"loc":{"start":{"line":291,"column":35},"end":{"line":294,"column":5}},"line":291}},"branchMap":{"0":{"loc":{"start":{"line":56,"column":23},"end":{"line":56,"column":52}},"type":"binary-expr","locations":[{"start":{"line":56,"column":23},"end":{"line":56,"column":46}},{"start":{"line":56,"column":50},"end":{"line":56,"column":52}}],"line":56},"1":{"loc":{"start":{"line":71,"column":8},"end":{"line":75,"column":9}},"type":"if","locations":[{"start":{"line":71,"column":8},"end":{"line":75,"column":9}},{"start":{"line":71,"column":8},"end":{"line":75,"column":9}}],"line":71},"2":{"loc":{"start":{"line":81,"column":8},"end":{"line":87,"column":9}},"type":"if","locations":[{"start":{"line":81,"column":8},"end":{"line":87,"column":9}},{"start":{"line":81,"column":8},"end":{"line":87,"column":9}}],"line":81},"3":{"loc":{"start":{"line":183,"column":16},"end":{"line":186,"column":17}},"type":"if","locations":[{"start":{"line":183,"column":16},"end":{"line":186,"column":17}},{"start":{"line":183,"column":16},"end":{"line":186,"column":17}}],"line":183},"4":{"loc":{"start":{"line":199,"column":16},"end":{"line":202,"column":17}},"type":"if","locations":[{"start":{"line":199,"column":16},"end":{"line":202,"column":17}},{"start":{"line":199,"column":16},"end":{"line":202,"column":17}}],"line":199},"5":{"loc":{"start":{"line":241,"column":8},"end":{"line":243,"column":9}},"type":"if","locations":[{"start":{"line":241,"column":8},"end":{"line":243,"column":9}},{"start":{"line":241,"column":8},"end":{"line":243,"column":9}}],"line":241},"6":{"loc":{"start":{"line":244,"column":8},"end":{"line":246,"column":9}},"type":"if","locations":[{"start":{"line":244,"column":8},"end":{"line":246,"column":9}},{"start":{"line":244,"column":8},"end":{"line":246,"column":9}}],"line":244},"7":{"loc":{"start":{"line":266,"column":8},"end":{"line":270,"column":9}},"type":"if","locations":[{"start":{"line":266,"column":8},"end":{"line":270,"column":9}},{"start":{"line":266,"column":8},"end":{"line":270,"column":9}}],"line":266},"8":{"loc":{"start":{"line":266,"column":11},"end":{"line":266,"column":64}},"type":"binary-expr","locations":[{"start":{"line":266,"column":11},"end":{"line":266,"column":40}},{"start":{"line":266,"column":44},"end":{"line":266,"column":64}}],"line":266},"9":{"loc":{"start":{"line":280,"column":12},"end":{"line":285,"column":13}},"type":"if","locations":[{"start":{"line":280,"column":12},"end":{"line":285,"column":13}},{"start":{"line":280,"column":12},"end":{"line":285,"column":13}}],"line":280}},"s":{"0":1,"1":1,"2":0,"3":0,"4":1,"5":0,"6":1,"7":0,"8":0,"9":0,"10":1,"11":0,"12":0,"13":0,"14":0,"15":0,"16":1,"17":1,"18":1,"19":0,"20":0,"21":0,"22":0,"23":0,"24":0,"25":0,"26":0,"27":0,"28":0,"29":0,"30":0,"31":0,"32":0,"33":0,"34":0,"35":0,"36":0,"37":0,"38":0,"39":0,"40":0,"41":1,"42":1,"43":1,"44":1,"45":0,"46":0,"47":0,"48":0,"49":0,"50":0,"51":0,"52":0,"53":0,"54":0,"55":0,"56":0,"57":0,"58":0,"59":0,"60":0,"61":0,"62":0,"63":0,"64":1},"f":{"0":1,"1":0,"2":1,"3":1,"4":0,"5":0,"6":1,"7":0,"8":0,"9":0,"10":0,"11":0,"12":1,"13":1,"14":0,"15":0,"16":0,"17":0,"18":0,"19":0,"20":0,"21":0,"22":1,"23":1,"24":0,"25":0,"26":0,"27":0,"28":0},"b":{"0":[0,0],"1":[1,0],"2":[1,0],"3":[0,0],"4":[0,0],"5":[1,0],"6":[0,0],"7":[0,0],"8":[0,0],"9":[0,0]},"_coverageSchema":"332fd63041d2c1bcb487cc26dd0d5f7d97098a6c","hash":"6502079dcc0e83c506d5fd4d084941f8d8b069b2"}
,"/home/asmund/Desktop/progging/web3-learning/schnoodle/src/screens/DailyProgress/index.js": {"path":"/home/asmund/Desktop/progging/web3-learning/schnoodle/src/screens/DailyProgress/index.js","statementMap":{"0":{"start":{"line":20,"column":8},"end":{"line":20,"column":21}},"1":{"start":{"line":23,"column":8},"end":{"line":23,"column":32}},"2":{"start":{"line":41,"column":23},"end":{"line":41,"column":52}},"3":{"start":{"line":43,"column":8},"end":{"line":53,"column":10}},"4":{"start":{"line":61,"column":8},"end":{"line":65,"column":9}},"5":{"start":{"line":64,"column":12},"end":{"line":64,"column":78}},"6":{"start":{"line":69,"column":8},"end":{"line":69,"column":31}},"7":{"start":{"line":70,"column":8},"end":{"line":70,"column":26}},"8":{"start":{"line":71,"column":8},"end":{"line":71,"column":29}},"9":{"start":{"line":74,"column":8},"end":{"line":80,"column":9}},"10":{"start":{"line":77,"column":12},"end":{"line":79,"column":15}},"11":{"start":{"line":78,"column":16},"end":{"line":78,"column":49}},"12":{"start":{"line":85,"column":8},"end":{"line":85,"column":28}},"13":{"start":{"line":86,"column":8},"end":{"line":86,"column":25}},"14":{"start":{"line":87,"column":8},"end":{"line":87,"column":35}},"15":{"start":{"line":88,"column":8},"end":{"line":88,"column":32}},"16":{"start":{"line":96,"column":8},"end":{"line":124,"column":9}},"17":{"start":{"line":98,"column":29},"end":{"line":98,"column":80}},"18":{"start":{"line":100,"column":30},"end":{"line":100,"column":85}},"19":{"start":{"line":102,"column":29},"end":{"line":102,"column":80}},"20":{"start":{"line":104,"column":31},"end":{"line":104,"column":87}},"21":{"start":{"line":106,"column":30},"end":{"line":106,"column":82}},"22":{"start":{"line":108,"column":12},"end":{"line":110,"column":13}},"23":{"start":{"line":109,"column":16},"end":{"line":109,"column":76}},"24":{"start":{"line":111,"column":12},"end":{"line":113,"column":13}},"25":{"start":{"line":112,"column":16},"end":{"line":112,"column":78}},"26":{"start":{"line":114,"column":12},"end":{"line":116,"column":13}},"27":{"start":{"line":115,"column":16},"end":{"line":115,"column":71}},"28":{"start":{"line":117,"column":12},"end":{"line":119,"column":13}},"29":{"start":{"line":118,"column":16},"end":{"line":118,"column":73}},"30":{"start":{"line":120,"column":12},"end":{"line":122,"column":13}},"31":{"start":{"line":121,"column":16},"end":{"line":121,"column":71}},"32":{"start":{"line":131,"column":8},"end":{"line":131,"column":87}},"33":{"start":{"line":133,"column":8},"end":{"line":133,"column":89}},"34":{"start":{"line":135,"column":8},"end":{"line":135,"column":79}},"35":{"start":{"line":137,"column":8},"end":{"line":137,"column":81}},"36":{"start":{"line":139,"column":8},"end":{"line":139,"column":79}},"37":{"start":{"line":144,"column":8},"end":{"line":144,"column":58}},"38":{"start":{"line":149,"column":8},"end":{"line":154,"column":9}},"39":{"start":{"line":150,"column":12},"end":{"line":152,"column":15}},"40":{"start":{"line":153,"column":8},"end":{"line":153,"column":15}},"41":{"start":{"line":156,"column":23},"end":{"line":156,"column":46}},"42":{"start":{"line":157,"column":8},"end":{"line":159,"column":11}},"43":{"start":{"line":160,"column":8},"end":{"line":160,"column":37}},"44":{"start":{"line":161,"column":8},"end":{"line":161,"column":56}},"45":{"start":{"line":166,"column":8},"end":{"line":171,"column":9}},"46":{"start":{"line":167,"column":12},"end":{"line":169,"column":15}},"47":{"start":{"line":170,"column":12},"end":{"line":170,"column":19}},"48":{"start":{"line":173,"column":23},"end":{"line":173,"column":47}},"49":{"start":{"line":174,"column":8},"end":{"line":176,"column":11}},"50":{"start":{"line":177,"column":8},"end":{"line":177,"column":37}},"51":{"start":{"line":178,"column":8},"end":{"line":178,"column":57}},"52":{"start":{"line":183,"column":8},"end":{"line":188,"column":9}},"53":{"start":{"line":187,"column":12},"end":{"line":187,"column":83}},"54":{"start":{"line":193,"column":8},"end":{"line":202,"column":9}},"55":{"start":{"line":194,"column":12},"end":{"line":194,"column":45}},"56":{"start":{"line":195,"column":12},"end":{"line":195,"column":47}},"57":{"start":{"line":196,"column":15},"end":{"line":202,"column":9}},"58":{"start":{"line":197,"column":12},"end":{"line":197,"column":45}},"59":{"start":{"line":198,"column":12},"end":{"line":198,"column":47}},"60":{"start":{"line":199,"column":15},"end":{"line":202,"column":9}},"61":{"start":{"line":200,"column":12},"end":{"line":200,"column":46}},"62":{"start":{"line":201,"column":12},"end":{"line":201,"column":48}},"63":{"start":{"line":208,"column":8},"end":{"line":213,"column":11}},"64":{"start":{"line":209,"column":12},"end":{"line":211,"column":15}},"65":{"start":{"line":212,"column":12},"end":{"line":212,"column":48}},"66":{"start":{"line":215,"column":8},"end":{"line":226,"column":10}},"67":{"start":{"line":217,"column":16},"end":{"line":219,"column":19}},"68":{"start":{"line":222,"column":16},"end":{"line":224,"column":19}},"69":{"start":{"line":229,"column":20},"end":{"line":229,"column":30}},"70":{"start":{"line":230,"column":22},"end":{"line":230,"column":32}},"71":{"start":{"line":231,"column":8},"end":{"line":231,"column":39}},"72":{"start":{"line":232,"column":8},"end":{"line":241,"column":10}},"73":{"start":{"line":234,"column":16},"end":{"line":234,"column":82}},"74":{"start":{"line":237,"column":16},"end":{"line":239,"column":19}},"75":{"start":{"line":246,"column":8},"end":{"line":246,"column":58}},"76":{"start":{"line":247,"column":8},"end":{"line":247,"column":34}},"77":{"start":{"line":252,"column":19},"end":{"line":252,"column":44}},"78":{"start":{"line":253,"column":8},"end":{"line":253,"column":47}},"79":{"start":{"line":258,"column":8},"end":{"line":258,"column":59}},"80":{"start":{"line":259,"column":8},"end":{"line":259,"column":28}},"81":{"start":{"line":263,"column":8},"end":{"line":414,"column":10}},"82":{"start":{"line":273,"column":60},"end":{"line":273,"column":88}},"83":{"start":{"line":286,"column":60},"end":{"line":286,"column":87}},"84":{"start":{"line":299,"column":60},"end":{"line":299,"column":88}},"85":{"start":{"line":326,"column":28},"end":{"line":331,"column":35}},"86":{"start":{"line":348,"column":36},"end":{"line":352,"column":43}},"87":{"start":{"line":359,"column":51},"end":{"line":359,"column":77}},"88":{"start":{"line":363,"column":51},"end":{"line":363,"column":78}},"89":{"start":{"line":381,"column":36},"end":{"line":385,"column":43}},"90":{"start":{"line":393,"column":51},"end":{"line":393,"column":80}},"91":{"start":{"line":397,"column":51},"end":{"line":397,"column":80}},"92":{"start":{"line":418,"column":15},"end":{"line":500,"column":2}},"93":{"start":{"line":504,"column":0},"end":{"line":504,"column":42}}},"fnMap":{"0":{"name":"(anonymous_0)","decl":{"start":{"line":19,"column":4},"end":{"line":19,"column":5}},"loc":{"start":{"line":19,"column":23},"end":{"line":24,"column":5}},"line":19},"1":{"name":"(anonymous_1)","decl":{"start":{"line":40,"column":31},"end":{"line":40,"column":32}},"loc":{"start":{"line":40,"column":51},"end":{"line":54,"column":5}},"line":40},"2":{"name":"(anonymous_2)","decl":{"start":{"line":59,"column":4},"end":{"line":59,"column":5}},"loc":{"start":{"line":59,"column":25},"end":{"line":66,"column":5}},"line":59},"3":{"name":"(anonymous_3)","decl":{"start":{"line":68,"column":4},"end":{"line":68,"column":5}},"loc":{"start":{"line":68,"column":24},"end":{"line":81,"column":5}},"line":68},"4":{"name":"(anonymous_4)","decl":{"start":{"line":77,"column":78},"end":{"line":77,"column":79}},"loc":{"start":{"line":77,"column":84},"end":{"line":79,"column":13}},"line":77},"5":{"name":"(anonymous_5)","decl":{"start":{"line":84,"column":4},"end":{"line":84,"column":5}},"loc":{"start":{"line":84,"column":27},"end":{"line":89,"column":5}},"line":84},"6":{"name":"(anonymous_6)","decl":{"start":{"line":95,"column":20},"end":{"line":95,"column":21}},"loc":{"start":{"line":95,"column":32},"end":{"line":125,"column":5}},"line":95},"7":{"name":"(anonymous_7)","decl":{"start":{"line":128,"column":16},"end":{"line":128,"column":17}},"loc":{"start":{"line":128,"column":22},"end":{"line":140,"column":5}},"line":128},"8":{"name":"(anonymous_8)","decl":{"start":{"line":143,"column":16},"end":{"line":143,"column":17}},"loc":{"start":{"line":143,"column":33},"end":{"line":145,"column":5}},"line":143},"9":{"name":"(anonymous_9)","decl":{"start":{"line":148,"column":4},"end":{"line":148,"column":5}},"loc":{"start":{"line":148,"column":30},"end":{"line":162,"column":5}},"line":148},"10":{"name":"(anonymous_10)","decl":{"start":{"line":165,"column":4},"end":{"line":165,"column":5}},"loc":{"start":{"line":165,"column":31},"end":{"line":179,"column":5}},"line":165},"11":{"name":"(anonymous_11)","decl":{"start":{"line":182,"column":4},"end":{"line":182,"column":5}},"loc":{"start":{"line":182,"column":54},"end":{"line":189,"column":5}},"line":182},"12":{"name":"(anonymous_12)","decl":{"start":{"line":192,"column":4},"end":{"line":192,"column":5}},"loc":{"start":{"line":192,"column":27},"end":{"line":204,"column":5}},"line":192},"13":{"name":"(anonymous_13)","decl":{"start":{"line":207,"column":17},"end":{"line":207,"column":18}},"loc":{"start":{"line":207,"column":23},"end":{"line":242,"column":5}},"line":207},"14":{"name":"(anonymous_14)","decl":{"start":{"line":208,"column":54},"end":{"line":208,"column":55}},"loc":{"start":{"line":208,"column":64},"end":{"line":213,"column":9}},"line":208},"15":{"name":"(anonymous_15)","decl":{"start":{"line":216,"column":12},"end":{"line":216,"column":13}},"loc":{"start":{"line":216,"column":22},"end":{"line":220,"column":13}},"line":216},"16":{"name":"(anonymous_16)","decl":{"start":{"line":221,"column":12},"end":{"line":221,"column":13}},"loc":{"start":{"line":221,"column":21},"end":{"line":225,"column":13}},"line":221},"17":{"name":"(anonymous_17)","decl":{"start":{"line":233,"column":12},"end":{"line":233,"column":13}},"loc":{"start":{"line":233,"column":22},"end":{"line":235,"column":13}},"line":233},"18":{"name":"(anonymous_18)","decl":{"start":{"line":236,"column":12},"end":{"line":236,"column":13}},"loc":{"start":{"line":236,"column":21},"end":{"line":240,"column":13}},"line":236},"19":{"name":"(anonymous_19)","decl":{"start":{"line":245,"column":19},"end":{"line":245,"column":20}},"loc":{"start":{"line":245,"column":25},"end":{"line":248,"column":5}},"line":245},"20":{"name":"(anonymous_20)","decl":{"start":{"line":251,"column":19},"end":{"line":251,"column":20}},"loc":{"start":{"line":251,"column":25},"end":{"line":254,"column":5}},"line":251},"21":{"name":"(anonymous_21)","decl":{"start":{"line":257,"column":20},"end":{"line":257,"column":21}},"loc":{"start":{"line":257,"column":26},"end":{"line":260,"column":5}},"line":257},"22":{"name":"(anonymous_22)","decl":{"start":{"line":262,"column":4},"end":{"line":262,"column":5}},"loc":{"start":{"line":262,"column":13},"end":{"line":415,"column":5}},"line":262},"23":{"name":"(anonymous_23)","decl":{"start":{"line":273,"column":52},"end":{"line":273,"column":53}},"loc":{"start":{"line":273,"column":60},"end":{"line":273,"column":88}},"line":273},"24":{"name":"(anonymous_24)","decl":{"start":{"line":286,"column":52},"end":{"line":286,"column":53}},"loc":{"start":{"line":286,"column":60},"end":{"line":286,"column":87}},"line":286},"25":{"name":"(anonymous_25)","decl":{"start":{"line":299,"column":52},"end":{"line":299,"column":53}},"loc":{"start":{"line":299,"column":60},"end":{"line":299,"column":88}},"line":299},"26":{"name":"(anonymous_26)","decl":{"start":{"line":325,"column":24},"end":{"line":325,"column":25}},"loc":{"start":{"line":326,"column":28},"end":{"line":331,"column":35}},"line":326},"27":{"name":"(anonymous_27)","decl":{"start":{"line":347,"column":32},"end":{"line":347,"column":33}},"loc":{"start":{"line":348,"column":36},"end":{"line":352,"column":43}},"line":348},"28":{"name":"(anonymous_28)","decl":{"start":{"line":359,"column":45},"end":{"line":359,"column":46}},"loc":{"start":{"line":359,"column":51},"end":{"line":359,"column":77}},"line":359},"29":{"name":"(anonymous_29)","decl":{"start":{"line":363,"column":45},"end":{"line":363,"column":46}},"loc":{"start":{"line":363,"column":51},"end":{"line":363,"column":78}},"line":363},"30":{"name":"(anonymous_30)","decl":{"start":{"line":380,"column":32},"end":{"line":380,"column":33}},"loc":{"start":{"line":381,"column":36},"end":{"line":385,"column":43}},"line":381},"31":{"name":"(anonymous_31)","decl":{"start":{"line":393,"column":45},"end":{"line":393,"column":46}},"loc":{"start":{"line":393,"column":51},"end":{"line":393,"column":80}},"line":393},"32":{"name":"(anonymous_32)","decl":{"start":{"line":397,"column":45},"end":{"line":397,"column":46}},"loc":{"start":{"line":397,"column":51},"end":{"line":397,"column":80}},"line":397}},"branchMap":{"0":{"loc":{"start":{"line":41,"column":23},"end":{"line":41,"column":52}},"type":"binary-expr","locations":[{"start":{"line":41,"column":23},"end":{"line":41,"column":46}},{"start":{"line":41,"column":50},"end":{"line":41,"column":52}}],"line":41},"1":{"loc":{"start":{"line":61,"column":8},"end":{"line":65,"column":9}},"type":"if","locations":[{"start":{"line":61,"column":8},"end":{"line":65,"column":9}},{"start":{"line":61,"column":8},"end":{"line":65,"column":9}}],"line":61},"2":{"loc":{"start":{"line":74,"column":8},"end":{"line":80,"column":9}},"type":"if","locations":[{"start":{"line":74,"column":8},"end":{"line":80,"column":9}},{"start":{"line":74,"column":8},"end":{"line":80,"column":9}}],"line":74},"3":{"loc":{"start":{"line":108,"column":12},"end":{"line":110,"column":13}},"type":"if","locations":[{"start":{"line":108,"column":12},"end":{"line":110,"column":13}},{"start":{"line":108,"column":12},"end":{"line":110,"column":13}}],"line":108},"4":{"loc":{"start":{"line":108,"column":16},"end":{"line":108,"column":61}},"type":"binary-expr","locations":[{"start":{"line":108,"column":16},"end":{"line":108,"column":34}},{"start":{"line":108,"column":38},"end":{"line":108,"column":61}}],"line":108},"5":{"loc":{"start":{"line":109,"column":16},"end":{"line":109,"column":75}},"type":"binary-expr","locations":[{"start":{"line":109,"column":16},"end":{"line":109,"column":31}},{"start":{"line":109,"column":35},"end":{"line":109,"column":75}}],"line":109},"6":{"loc":{"start":{"line":111,"column":12},"end":{"line":113,"column":13}},"type":"if","locations":[{"start":{"line":111,"column":12},"end":{"line":113,"column":13}},{"start":{"line":111,"column":12},"end":{"line":113,"column":13}}],"line":111},"7":{"loc":{"start":{"line":111,"column":16},"end":{"line":111,"column":63}},"type":"binary-expr","locations":[{"start":{"line":111,"column":16},"end":{"line":111,"column":35}},{"start":{"line":111,"column":39},"end":{"line":111,"column":63}}],"line":111},"8":{"loc":{"start":{"line":112,"column":16},"end":{"line":112,"column":77}},"type":"binary-expr","locations":[{"start":{"line":112,"column":16},"end":{"line":112,"column":31}},{"start":{"line":112,"column":35},"end":{"line":112,"column":77}}],"line":112},"9":{"loc":{"start":{"line":114,"column":12},"end":{"line":116,"column":13}},"type":"if","locations":[{"start":{"line":114,"column":12},"end":{"line":116,"column":13}},{"start":{"line":114,"column":12},"end":{"line":116,"column":13}}],"line":114},"10":{"loc":{"start":{"line":114,"column":16},"end":{"line":114,"column":59}},"type":"binary-expr","locations":[{"start":{"line":114,"column":16},"end":{"line":114,"column":33}},{"start":{"line":114,"column":37},"end":{"line":114,"column":59}}],"line":114},"11":{"loc":{"start":{"line":115,"column":16},"end":{"line":115,"column":70}},"type":"binary-expr","locations":[{"start":{"line":115,"column":16},"end":{"line":115,"column":31}},{"start":{"line":115,"column":35},"end":{"line":115,"column":70}}],"line":115},"12":{"loc":{"start":{"line":117,"column":12},"end":{"line":119,"column":13}},"type":"if","locations":[{"start":{"line":117,"column":12},"end":{"line":119,"column":13}},{"start":{"line":117,"column":12},"end":{"line":119,"column":13}}],"line":117},"13":{"loc":{"start":{"line":117,"column":16},"end":{"line":117,"column":61}},"type":"binary-expr","locations":[{"start":{"line":117,"column":16},"end":{"line":117,"column":34}},{"start":{"line":117,"column":38},"end":{"line":117,"column":61}}],"line":117},"14":{"loc":{"start":{"line":118,"column":16},"end":{"line":118,"column":72}},"type":"binary-expr","locations":[{"start":{"line":118,"column":16},"end":{"line":118,"column":31}},{"start":{"line":118,"column":35},"end":{"line":118,"column":72}}],"line":118},"15":{"loc":{"start":{"line":120,"column":12},"end":{"line":122,"column":13}},"type":"if","locations":[{"start":{"line":120,"column":12},"end":{"line":122,"column":13}},{"start":{"line":120,"column":12},"end":{"line":122,"column":13}}],"line":120},"16":{"loc":{"start":{"line":120,"column":16},"end":{"line":120,"column":59}},"type":"binary-expr","locations":[{"start":{"line":120,"column":16},"end":{"line":120,"column":33}},{"start":{"line":120,"column":37},"end":{"line":120,"column":59}}],"line":120},"17":{"loc":{"start":{"line":121,"column":16},"end":{"line":121,"column":70}},"type":"binary-expr","locations":[{"start":{"line":121,"column":16},"end":{"line":121,"column":31}},{"start":{"line":121,"column":35},"end":{"line":121,"column":70}}],"line":121},"18":{"loc":{"start":{"line":149,"column":8},"end":{"line":154,"column":9}},"type":"if","locations":[{"start":{"line":149,"column":8},"end":{"line":154,"column":9}},{"start":{"line":149,"column":8},"end":{"line":154,"column":9}}],"line":149},"19":{"loc":{"start":{"line":166,"column":8},"end":{"line":171,"column":9}},"type":"if","locations":[{"start":{"line":166,"column":8},"end":{"line":171,"column":9}},{"start":{"line":166,"column":8},"end":{"line":171,"column":9}}],"line":166},"20":{"loc":{"start":{"line":183,"column":8},"end":{"line":188,"column":9}},"type":"if","locations":[{"start":{"line":183,"column":8},"end":{"line":188,"column":9}},{"start":{"line":183,"column":8},"end":{"line":188,"column":9}}],"line":183},"21":{"loc":{"start":{"line":183,"column":11},"end":{"line":185,"column":74}},"type":"binary-expr","locations":[{"start":{"line":183,"column":12},"end":{"line":183,"column":70}},{"start":{"line":184,"column":13},"end":{"line":184,"column":70}},{"start":{"line":185,"column":13},"end":{"line":185,"column":73}}],"line":183},"22":{"loc":{"start":{"line":193,"column":8},"end":{"line":202,"column":9}},"type":"if","locations":[{"start":{"line":193,"column":8},"end":{"line":202,"column":9}},{"start":{"line":193,"column":8},"end":{"line":202,"column":9}}],"line":193},"23":{"loc":{"start":{"line":196,"column":15},"end":{"line":202,"column":9}},"type":"if","locations":[{"start":{"line":196,"column":15},"end":{"line":202,"column":9}},{"start":{"line":196,"column":15},"end":{"line":202,"column":9}}],"line":196},"24":{"loc":{"start":{"line":199,"column":15},"end":{"line":202,"column":9}},"type":"if","locations":[{"start":{"line":199,"column":15},"end":{"line":202,"column":9}},{"start":{"line":199,"column":15},"end":{"line":202,"column":9}}],"line":199},"25":{"loc":{"start":{"line":209,"column":12},"end":{"line":211,"column":14}},"type":"binary-expr","locations":[{"start":{"line":209,"column":12},"end":{"line":209,"column":27}},{"start":{"line":209,"column":31},"end":{"line":211,"column":14}}],"line":209},"26":{"loc":{"start":{"line":217,"column":16},"end":{"line":219,"column":18}},"type":"binary-expr","locations":[{"start":{"line":217,"column":16},"end":{"line":217,"column":31}},{"start":{"line":217,"column":35},"end":{"line":219,"column":18}}],"line":217},"27":{"loc":{"start":{"line":222,"column":16},"end":{"line":224,"column":18}},"type":"binary-expr","locations":[{"start":{"line":222,"column":16},"end":{"line":222,"column":31}},{"start":{"line":222,"column":35},"end":{"line":224,"column":18}}],"line":222},"28":{"loc":{"start":{"line":234,"column":16},"end":{"line":234,"column":81}},"type":"binary-expr","locations":[{"start":{"line":234,"column":16},"end":{"line":234,"column":31}},{"start":{"line":234,"column":35},"end":{"line":234,"column":81}}],"line":234},"29":{"loc":{"start":{"line":237,"column":16},"end":{"line":239,"column":18}},"type":"binary-expr","locations":[{"start":{"line":237,"column":16},"end":{"line":237,"column":31}},{"start":{"line":237,"column":35},"end":{"line":239,"column":18}}],"line":237},"30":{"loc":{"start":{"line":246,"column":8},"end":{"line":246,"column":57}},"type":"binary-expr","locations":[{"start":{"line":246,"column":8},"end":{"line":246,"column":26}},{"start":{"line":246,"column":30},"end":{"line":246,"column":57}}],"line":246},"31":{"loc":{"start":{"line":322,"column":31},"end":{"line":322,"column":132}},"type":"cond-expr","locations":[{"start":{"line":322,"column":111},"end":{"line":322,"column":120}},{"start":{"line":322,"column":123},"end":{"line":322,"column":132}}],"line":322},"32":{"loc":{"start":{"line":343,"column":39},"end":{"line":343,"column":111}},"type":"cond-expr","locations":[{"start":{"line":343,"column":90},"end":{"line":343,"column":99}},{"start":{"line":343,"column":102},"end":{"line":343,"column":111}}],"line":343},"33":{"loc":{"start":{"line":376,"column":39},"end":{"line":376,"column":109}},"type":"cond-expr","locations":[{"start":{"line":376,"column":92},"end":{"line":376,"column":101}},{"start":{"line":376,"column":104},"end":{"line":376,"column":109}}],"line":376}},"s":{"0":1,"1":1,"2":0,"3":0,"4":1,"5":0,"6":1,"7":1,"8":1,"9":1,"10":0,"11":0,"12":0,"13":0,"14":0,"15":0,"16":1,"17":1,"18":0,"19":0,"20":0,"21":0,"22":0,"23":0,"24":0,"25":0,"26":0,"27":0,"28":0,"29":0,"30":0,"31":0,"32":0,"33":0,"34":0,"35":0,"36":0,"37":0,"38":0,"39":0,"40":0,"41":0,"42":0,"43":0,"44":0,"45":0,"46":0,"47":0,"48":0,"49":0,"50":0,"51":0,"52":0,"53":0,"54":0,"55":0,"56":0,"57":0,"58":0,"59":0,"60":0,"61":0,"62":0,"63":1,"64":0,"65":0,"66":1,"67":0,"68":0,"69":1,"70":1,"71":1,"72":1,"73":0,"74":0,"75":0,"76":0,"77":0,"78":0,"79":0,"80":0,"81":1,"82":0,"83":0,"84":0,"85":1,"86":1,"87":0,"88":0,"89":1,"90":0,"91":0,"92":1,"93":1},"f":{"0":1,"1":0,"2":1,"3":1,"4":0,"5":0,"6":1,"7":0,"8":0,"9":0,"10":0,"11":0,"12":0,"13":1,"14":0,"15":0,"16":0,"17":0,"18":0,"19":0,"20":0,"21":0,"22":1,"23":0,"24":0,"25":0,"26":1,"27":1,"28":0,"29":0,"30":1,"31":0,"32":0},"b":{"0":[0,0],"1":[1,0],"2":[1,0],"3":[0,0],"4":[0,0],"5":[0,0],"6":[0,0],"7":[0,0],"8":[0,0],"9":[0,0],"10":[0,0],"11":[0,0],"12":[0,0],"13":[0,0],"14":[0,0],"15":[0,0],"16":[0,0],"17":[0,0],"18":[0,0],"19":[0,0],"20":[0,0],"21":[0,0,0],"22":[0,0],"23":[0,0],"24":[0,0],"25":[0,0],"26":[0,0],"27":[0,0],"28":[0,0],"29":[0,0],"30":[0,0],"31":[0,1],"32":[0,1],"33":[0,1]},"_coverageSchema":"332fd63041d2c1bcb487cc26dd0d5f7d97098a6c","hash":"139160ef3ce6cc2a824ee4111ee59201452619b2"}
,"/home/asmund/Desktop/progging/web3-learning/schnoodle/src/screens/HomeScreen/index.js": {"path":"/home/asmund/Desktop/progging/web3-learning/schnoodle/src/screens/HomeScreen/index.js","statementMap":{"0":{"start":{"line":7,"column":7},"end":{"line":7,"column":15}},"1":{"start":{"line":8,"column":7},"end":{"line":32,"column":9}},"2":{"start":{"line":46,"column":8},"end":{"line":57,"column":9}},"3":{"start":{"line":49,"column":12},"end":{"line":51,"column":15}},"4":{"start":{"line":50,"column":16},"end":{"line":50,"column":55}},"5":{"start":{"line":52,"column":12},"end":{"line":56,"column":21}},"6":{"start":{"line":53,"column":16},"end":{"line":55,"column":18}},"7":{"start":{"line":61,"column":8},"end":{"line":61,"column":35}},"8":{"start":{"line":66,"column":7},"end":{"line":95,"column":9}},"9":{"start":{"line":102,"column":19},"end":{"line":102,"column":90}},"10":{"start":{"line":103,"column":9},"end":{"line":107,"column":10}},"11":{"start":{"line":104,"column":13},"end":{"line":104,"column":35}},"12":{"start":{"line":106,"column":13},"end":{"line":106,"column":48}},"13":{"start":{"line":113,"column":19},"end":{"line":113,"column":37}},"14":{"start":{"line":114,"column":19},"end":{"line":114,"column":97}},"15":{"start":{"line":115,"column":21},"end":{"line":115,"column":105}},"16":{"start":{"line":116,"column":8},"end":{"line":118,"column":73}},"17":{"start":{"line":124,"column":15},"end":{"line":151,"column":3}}},"fnMap":{"0":{"name":"(anonymous_0)","decl":{"start":{"line":6,"column":3},"end":{"line":6,"column":4}},"loc":{"start":{"line":6,"column":17},"end":{"line":33,"column":4}},"line":6},"1":{"name":"(anonymous_1)","decl":{"start":{"line":45,"column":4},"end":{"line":45,"column":5}},"loc":{"start":{"line":45,"column":24},"end":{"line":58,"column":5}},"line":45},"2":{"name":"(anonymous_2)","decl":{"start":{"line":49,"column":78},"end":{"line":49,"column":79}},"loc":{"start":{"line":49,"column":84},"end":{"line":51,"column":13}},"line":49},"3":{"name":"(anonymous_3)","decl":{"start":{"line":52,"column":25},"end":{"line":52,"column":26}},"loc":{"start":{"line":52,"column":31},"end":{"line":56,"column":13}},"line":52},"4":{"name":"(anonymous_4)","decl":{"start":{"line":60,"column":4},"end":{"line":60,"column":5}},"loc":{"start":{"line":60,"column":27},"end":{"line":62,"column":5}},"line":60},"5":{"name":"(anonymous_5)","decl":{"start":{"line":65,"column":3},"end":{"line":65,"column":4}},"loc":{"start":{"line":65,"column":12},"end":{"line":97,"column":4}},"line":65},"6":{"name":"(anonymous_6)","decl":{"start":{"line":101,"column":21},"end":{"line":101,"column":22}},"loc":{"start":{"line":101,"column":27},"end":{"line":108,"column":5}},"line":101},"7":{"name":"(anonymous_7)","decl":{"start":{"line":112,"column":4},"end":{"line":112,"column":5}},"loc":{"start":{"line":112,"column":14},"end":{"line":119,"column":4}},"line":112}},"branchMap":{"0":{"loc":{"start":{"line":46,"column":8},"end":{"line":57,"column":9}},"type":"if","locations":[{"start":{"line":46,"column":8},"end":{"line":57,"column":9}},{"start":{"line":46,"column":8},"end":{"line":57,"column":9}}],"line":46},"1":{"loc":{"start":{"line":103,"column":9},"end":{"line":107,"column":10}},"type":"if","locations":[{"start":{"line":103,"column":9},"end":{"line":107,"column":10}},{"start":{"line":103,"column":9},"end":{"line":107,"column":10}}],"line":103},"2":{"loc":{"start":{"line":117,"column":17},"end":{"line":117,"column":48}},"type":"cond-expr","locations":[{"start":{"line":117,"column":40},"end":{"line":117,"column":43}},{"start":{"line":117,"column":46},"end":{"line":117,"column":48}}],"line":117},"3":{"loc":{"start":{"line":118,"column":17},"end":{"line":118,"column":50}},"type":"cond-expr","locations":[{"start":{"line":118,"column":42},"end":{"line":118,"column":45}},{"start":{"line":118,"column":48},"end":{"line":118,"column":50}}],"line":118}},"s":{"0":1,"1":1,"2":1,"3":0,"4":0,"5":0,"6":0,"7":0,"8":1,"9":0,"10":0,"11":0,"12":0,"13":2,"14":2,"15":2,"16":2,"17":1},"f":{"0":1,"1":1,"2":0,"3":0,"4":0,"5":1,"6":0,"7":2},"b":{"0":[1,0],"1":[0,0],"2":[0,2],"3":[2,0]},"_coverageSchema":"332fd63041d2c1bcb487cc26dd0d5f7d97098a6c","hash":"a83876f1ca1f3ec48c9edf7dd42f4da33e426ab9"}
,"/home/asmund/Desktop/progging/web3-learning/schnoodle/src/screens/TodoList/index.js": {"path":"/home/asmund/Desktop/progging/web3-learning/schnoodle/src/screens/TodoList/index.js","statementMap":{"0":{"start":{"line":20,"column":18},"end":{"line":20,"column":43}},"1":{"start":{"line":21,"column":20},"end":{"line":21,"column":21}},"2":{"start":{"line":26,"column":8},"end":{"line":26,"column":21}},"3":{"start":{"line":29,"column":8},"end":{"line":29,"column":32}},"4":{"start":{"line":43,"column":47},"end":{"line":43,"column":113}},"5":{"start":{"line":54,"column":8},"end":{"line":54,"column":31}},"6":{"start":{"line":57,"column":8},"end":{"line":60,"column":10}},"7":{"start":{"line":59,"column":17},"end":{"line":59,"column":109}},"8":{"start":{"line":62,"column":8},"end":{"line":65,"column":10}},"9":{"start":{"line":64,"column":18},"end":{"line":64,"column":80}},"10":{"start":{"line":68,"column":8},"end":{"line":68,"column":85}},"11":{"start":{"line":68,"column":27},"end":{"line":68,"column":83}},"12":{"start":{"line":71,"column":8},"end":{"line":77,"column":9}},"13":{"start":{"line":74,"column":12},"end":{"line":76,"column":15}},"14":{"start":{"line":75,"column":16},"end":{"line":75,"column":49}},"15":{"start":{"line":81,"column":8},"end":{"line":81,"column":35}},"16":{"start":{"line":82,"column":8},"end":{"line":82,"column":32}},"17":{"start":{"line":90,"column":8},"end":{"line":90,"column":38}},"18":{"start":{"line":95,"column":23},"end":{"line":95,"column":56}},"19":{"start":{"line":97,"column":8},"end":{"line":108,"column":9}},"20":{"start":{"line":98,"column":12},"end":{"line":107,"column":14}},"21":{"start":{"line":100,"column":42},"end":{"line":100,"column":51}},"22":{"start":{"line":101,"column":20},"end":{"line":104,"column":22}},"23":{"start":{"line":106,"column":22},"end":{"line":106,"column":50}},"24":{"start":{"line":113,"column":8},"end":{"line":122,"column":10}},"25":{"start":{"line":115,"column":28},"end":{"line":115,"column":51}},"26":{"start":{"line":117,"column":16},"end":{"line":117,"column":35}},"27":{"start":{"line":119,"column":16},"end":{"line":119,"column":40}},"28":{"start":{"line":121,"column":18},"end":{"line":121,"column":46}},"29":{"start":{"line":123,"column":8},"end":{"line":123,"column":48}},"30":{"start":{"line":128,"column":27},"end":{"line":136,"column":9}},"31":{"start":{"line":133,"column":20},"end":{"line":133,"column":42}},"32":{"start":{"line":137,"column":8},"end":{"line":155,"column":9}},"33":{"start":{"line":160,"column":8},"end":{"line":192,"column":10}},"34":{"start":{"line":163,"column":54},"end":{"line":163,"column":70}},"35":{"start":{"line":166,"column":53},"end":{"line":166,"column":81}},"36":{"start":{"line":199,"column":12},"end":{"line":216,"column":1}},"37":{"start":{"line":201,"column":8},"end":{"line":203,"column":10}},"38":{"start":{"line":202,"column":56},"end":{"line":202,"column":78}},"39":{"start":{"line":206,"column":8},"end":{"line":206,"column":55}},"40":{"start":{"line":206,"column":33},"end":{"line":206,"column":42}},"41":{"start":{"line":209,"column":8},"end":{"line":211,"column":10}},"42":{"start":{"line":210,"column":12},"end":{"line":210,"column":56}},"43":{"start":{"line":214,"column":8},"end":{"line":214,"column":81}},"44":{"start":{"line":218,"column":15},"end":{"line":269,"column":2}},"45":{"start":{"line":271,"column":0},"end":{"line":271,"column":58}},"46":{"start":{"line":271,"column":48},"end":{"line":271,"column":56}}},"fnMap":{"0":{"name":"(anonymous_0)","decl":{"start":{"line":25,"column":4},"end":{"line":25,"column":5}},"loc":{"start":{"line":25,"column":23},"end":{"line":30,"column":5}},"line":25},"1":{"name":"(anonymous_1)","decl":{"start":{"line":43,"column":41},"end":{"line":43,"column":42}},"loc":{"start":{"line":43,"column":47},"end":{"line":43,"column":113}},"line":43},"2":{"name":"(anonymous_2)","decl":{"start":{"line":53,"column":4},"end":{"line":53,"column":5}},"loc":{"start":{"line":53,"column":24},"end":{"line":78,"column":5}},"line":53},"3":{"name":"(anonymous_3)","decl":{"start":{"line":59,"column":12},"end":{"line":59,"column":13}},"loc":{"start":{"line":59,"column":17},"end":{"line":59,"column":109}},"line":59},"4":{"name":"(anonymous_4)","decl":{"start":{"line":64,"column":12},"end":{"line":64,"column":13}},"loc":{"start":{"line":64,"column":18},"end":{"line":64,"column":80}},"line":64},"5":{"name":"(anonymous_5)","decl":{"start":{"line":68,"column":18},"end":{"line":68,"column":19}},"loc":{"start":{"line":68,"column":27},"end":{"line":68,"column":83}},"line":68},"6":{"name":"(anonymous_6)","decl":{"start":{"line":74,"column":78},"end":{"line":74,"column":79}},"loc":{"start":{"line":74,"column":84},"end":{"line":76,"column":13}},"line":74},"7":{"name":"(anonymous_7)","decl":{"start":{"line":80,"column":4},"end":{"line":80,"column":5}},"loc":{"start":{"line":80,"column":27},"end":{"line":83,"column":5}},"line":80},"8":{"name":"(anonymous_8)","decl":{"start":{"line":89,"column":24},"end":{"line":89,"column":25}},"loc":{"start":{"line":89,"column":32},"end":{"line":91,"column":5}},"line":89},"9":{"name":"(anonymous_9)","decl":{"start":{"line":94,"column":14},"end":{"line":94,"column":15}},"loc":{"start":{"line":94,"column":20},"end":{"line":109,"column":5}},"line":94},"10":{"name":"(anonymous_10)","decl":{"start":{"line":99,"column":16},"end":{"line":99,"column":17}},"loc":{"start":{"line":99,"column":29},"end":{"line":105,"column":17}},"line":99},"11":{"name":"(anonymous_11)","decl":{"start":{"line":106,"column":16},"end":{"line":106,"column":17}},"loc":{"start":{"line":106,"column":22},"end":{"line":106,"column":50}},"line":106},"12":{"name":"(anonymous_12)","decl":{"start":{"line":112,"column":17},"end":{"line":112,"column":18}},"loc":{"start":{"line":112,"column":22},"end":{"line":124,"column":5}},"line":112},"13":{"name":"(anonymous_13)","decl":{"start":{"line":114,"column":12},"end":{"line":114,"column":13}},"loc":{"start":{"line":114,"column":25},"end":{"line":120,"column":13}},"line":114},"14":{"name":"(anonymous_14)","decl":{"start":{"line":121,"column":12},"end":{"line":121,"column":13}},"loc":{"start":{"line":121,"column":18},"end":{"line":121,"column":46}},"line":121},"15":{"name":"(anonymous_15)","decl":{"start":{"line":127,"column":4},"end":{"line":127,"column":5}},"loc":{"start":{"line":127,"column":28},"end":{"line":156,"column":5}},"line":127},"16":{"name":"(anonymous_16)","decl":{"start":{"line":132,"column":25},"end":{"line":132,"column":26}},"loc":{"start":{"line":132,"column":31},"end":{"line":134,"column":17}},"line":132},"17":{"name":"(anonymous_17)","decl":{"start":{"line":159,"column":4},"end":{"line":159,"column":5}},"loc":{"start":{"line":159,"column":13},"end":{"line":193,"column":5}},"line":159},"18":{"name":"(anonymous_18)","decl":{"start":{"line":163,"column":37},"end":{"line":163,"column":38}},"loc":{"start":{"line":163,"column":54},"end":{"line":163,"column":70}},"line":163},"19":{"name":"(anonymous_19)","decl":{"start":{"line":166,"column":32},"end":{"line":166,"column":33}},"loc":{"start":{"line":166,"column":53},"end":{"line":166,"column":81}},"line":166},"20":{"name":"(anonymous_20)","decl":{"start":{"line":202,"column":42},"end":{"line":202,"column":43}},"loc":{"start":{"line":202,"column":56},"end":{"line":202,"column":78}},"line":202},"21":{"name":"(anonymous_21)","decl":{"start":{"line":206,"column":25},"end":{"line":206,"column":26}},"loc":{"start":{"line":206,"column":33},"end":{"line":206,"column":42}},"line":206},"22":{"name":"(anonymous_22)","decl":{"start":{"line":209,"column":45},"end":{"line":209,"column":46}},"loc":{"start":{"line":210,"column":12},"end":{"line":210,"column":56}},"line":210},"23":{"name":"(anonymous_23)","decl":{"start":{"line":271,"column":42},"end":{"line":271,"column":43}},"loc":{"start":{"line":271,"column":48},"end":{"line":271,"column":56}},"line":271}},"branchMap":{"0":{"loc":{"start":{"line":58,"column":12},"end":{"line":58,"column":62}},"type":"cond-expr","locations":[{"start":{"line":58,"column":24},"end":{"line":58,"column":41}},{"start":{"line":58,"column":44},"end":{"line":58,"column":62}}],"line":58},"1":{"loc":{"start":{"line":59,"column":17},"end":{"line":59,"column":109}},"type":"binary-expr","locations":[{"start":{"line":59,"column":17},"end":{"line":59,"column":32}},{"start":{"line":59,"column":36},"end":{"line":59,"column":109}}],"line":59},"2":{"loc":{"start":{"line":63,"column":12},"end":{"line":63,"column":62}},"type":"cond-expr","locations":[{"start":{"line":63,"column":24},"end":{"line":63,"column":41}},{"start":{"line":63,"column":44},"end":{"line":63,"column":62}}],"line":63},"3":{"loc":{"start":{"line":64,"column":18},"end":{"line":64,"column":80}},"type":"binary-expr","locations":[{"start":{"line":64,"column":18},"end":{"line":64,"column":33}},{"start":{"line":64,"column":37},"end":{"line":64,"column":80}}],"line":64},"4":{"loc":{"start":{"line":68,"column":27},"end":{"line":68,"column":83}},"type":"binary-expr","locations":[{"start":{"line":68,"column":27},"end":{"line":68,"column":42}},{"start":{"line":68,"column":46},"end":{"line":68,"column":83}}],"line":68},"5":{"loc":{"start":{"line":68,"column":69},"end":{"line":68,"column":80}},"type":"binary-expr","locations":[{"start":{"line":68,"column":69},"end":{"line":68,"column":74}},{"start":{"line":68,"column":78},"end":{"line":68,"column":80}}],"line":68},"6":{"loc":{"start":{"line":71,"column":8},"end":{"line":77,"column":9}},"type":"if","locations":[{"start":{"line":71,"column":8},"end":{"line":77,"column":9}},{"start":{"line":71,"column":8},"end":{"line":77,"column":9}}],"line":71},"7":{"loc":{"start":{"line":97,"column":8},"end":{"line":108,"column":9}},"type":"if","locations":[{"start":{"line":97,"column":8},"end":{"line":108,"column":9}},{"start":{"line":97,"column":8},"end":{"line":108,"column":9}}],"line":97},"8":{"loc":{"start":{"line":202,"column":12},"end":{"line":202,"column":85}},"type":"cond-expr","locations":[{"start":{"line":202,"column":20},"end":{"line":202,"column":80}},{"start":{"line":202,"column":83},"end":{"line":202,"column":85}}],"line":202},"9":{"loc":{"start":{"line":258,"column":21},"end":{"line":258,"column":38}},"type":"cond-expr","locations":[{"start":{"line":258,"column":33},"end":{"line":258,"column":34}},{"start":{"line":258,"column":37},"end":{"line":258,"column":38}}],"line":258}},"s":{"0":1,"1":1,"2":1,"3":1,"4":0,"5":1,"6":1,"7":0,"8":1,"9":0,"10":1,"11":0,"12":1,"13":0,"14":0,"15":0,"16":0,"17":0,"18":0,"19":0,"20":0,"21":0,"22":0,"23":0,"24":0,"25":0,"26":0,"27":0,"28":0,"29":0,"30":0,"31":0,"32":0,"33":1,"34":0,"35":0,"36":1,"37":0,"38":0,"39":0,"40":0,"41":1,"42":0,"43":0,"44":1,"45":1,"46":0},"f":{"0":1,"1":0,"2":1,"3":0,"4":0,"5":0,"6":0,"7":0,"8":0,"9":0,"10":0,"11":0,"12":0,"13":0,"14":0,"15":0,"16":0,"17":1,"18":0,"19":0,"20":0,"21":0,"22":0,"23":0},"b":{"0":[0,1],"1":[0,0],"2":[0,1],"3":[0,0],"4":[0,0],"5":[0,0],"6":[1,0],"7":[0,0],"8":[0,0],"9":[0,1]},"_coverageSchema":"332fd63041d2c1bcb487cc26dd0d5f7d97098a6c","hash":"bbf4a091a3e95673e221ae07a8b18e12bc519d77"}
}
