{"/home/asmund/Desktop/progging/web3-learning/schnoodle/src/assets/background.jpg": {"path":"/home/asmund/Desktop/progging/web3-learning/schnoodle/src/assets/background.jpg","statementMap":{"0":{"start":{"line":1,"column":0},"end":{"line":1,"column":19}}},"fnMap":{},"branchMap":{},"s":{"0":1},"f":{},"b":{},"_coverageSchema":"332fd63041d2c1bcb487cc26dd0d5f7d97098a6c","hash":"66f7193ab2e4371b70e51c25cd65f20d2055e6c0"}
,"/home/asmund/Desktop/progging/web3-learning/schnoodle/src/components/Calendar/index.js": {"path":"/home/asmund/Desktop/progging/web3-learning/schnoodle/src/components/Calendar/index.js","statementMap":{"0":{"start":{"line":21,"column":8},"end":{"line":21,"column":21}},"1":{"start":{"line":22,"column":8},"end":{"line":31,"column":10}},"2":{"start":{"line":36,"column":23},"end":{"line":36,"column":52}},"3":{"start":{"line":38,"column":8},"end":{"line":45,"column":10}},"4":{"start":{"line":49,"column":8},"end":{"line":53,"column":9}},"5":{"start":{"line":52,"column":12},"end":{"line":52,"column":78}},"6":{"start":{"line":59,"column":8},"end":{"line":65,"column":9}},"7":{"start":{"line":62,"column":12},"end":{"line":64,"column":15}},"8":{"start":{"line":63,"column":16},"end":{"line":63,"column":49}},"9":{"start":{"line":69,"column":8},"end":{"line":69,"column":35}},"10":{"start":{"line":73,"column":8},"end":{"line":147,"column":10}},"11":{"start":{"line":104,"column":64},"end":{"line":104,"column":98}},"12":{"start":{"line":107,"column":69},"end":{"line":107,"column":88}},"13":{"start":{"line":110,"column":68},"end":{"line":110,"column":86}},"14":{"start":{"line":135,"column":42},"end":{"line":135,"column":62}},"15":{"start":{"line":137,"column":43},"end":{"line":137,"column":63}},"16":{"start":{"line":151,"column":24},"end":{"line":151,"column":47}},"17":{"start":{"line":152,"column":8},"end":{"line":152,"column":100}},"18":{"start":{"line":157,"column":8},"end":{"line":171,"column":17}},"19":{"start":{"line":158,"column":12},"end":{"line":165,"column":13}},"20":{"start":{"line":159,"column":29},"end":{"line":159,"column":68}},"21":{"start":{"line":160,"column":32},"end":{"line":160,"column":55}},"22":{"start":{"line":161,"column":16},"end":{"line":164,"column":17}},"23":{"start":{"line":162,"column":20},"end":{"line":162,"column":51}},"24":{"start":{"line":163,"column":20},"end":{"line":163,"column":48}},"25":{"start":{"line":166,"column":29},"end":{"line":166,"column":31}},"26":{"start":{"line":167,"column":12},"end":{"line":167,"column":99}},"27":{"start":{"line":167,"column":58},"end":{"line":167,"column":96}},"28":{"start":{"line":168,"column":12},"end":{"line":170,"column":15}},"29":{"start":{"line":176,"column":8},"end":{"line":186,"column":17}},"30":{"start":{"line":177,"column":16},"end":{"line":180,"column":17}},"31":{"start":{"line":178,"column":20},"end":{"line":178,"column":54}},"32":{"start":{"line":179,"column":20},"end":{"line":179,"column":51}},"33":{"start":{"line":181,"column":29},"end":{"line":181,"column":31}},"34":{"start":{"line":182,"column":12},"end":{"line":182,"column":99}},"35":{"start":{"line":182,"column":58},"end":{"line":182,"column":96}},"36":{"start":{"line":183,"column":12},"end":{"line":185,"column":15}},"37":{"start":{"line":191,"column":8},"end":{"line":193,"column":10}},"38":{"start":{"line":198,"column":8},"end":{"line":200,"column":10}},"39":{"start":{"line":205,"column":8},"end":{"line":205,"column":35}},"40":{"start":{"line":210,"column":21},"end":{"line":210,"column":35}},"41":{"start":{"line":211,"column":8},"end":{"line":211,"column":48}},"42":{"start":{"line":216,"column":8},"end":{"line":218,"column":9}},"43":{"start":{"line":217,"column":12},"end":{"line":217,"column":35}},"44":{"start":{"line":219,"column":8},"end":{"line":221,"column":9}},"45":{"start":{"line":220,"column":12},"end":{"line":220,"column":35}},"46":{"start":{"line":222,"column":8},"end":{"line":222,"column":28}},"47":{"start":{"line":227,"column":8},"end":{"line":229,"column":11}},"48":{"start":{"line":234,"column":19},"end":{"line":234,"column":42}},"49":{"start":{"line":235,"column":8},"end":{"line":235,"column":45}},"50":{"start":{"line":240,"column":8},"end":{"line":240,"column":28}},"51":{"start":{"line":241,"column":8},"end":{"line":245,"column":9}},"52":{"start":{"line":242,"column":12},"end":{"line":242,"column":76}},"53":{"start":{"line":244,"column":12},"end":{"line":244,"column":61}},"54":{"start":{"line":246,"column":8},"end":{"line":246,"column":52}},"55":{"start":{"line":247,"column":8},"end":{"line":247,"column":47}},"56":{"start":{"line":252,"column":8},"end":{"line":262,"column":9}},"57":{"start":{"line":253,"column":25},"end":{"line":253,"column":60}},"58":{"start":{"line":254,"column":12},"end":{"line":254,"column":43}},"59":{"start":{"line":255,"column":12},"end":{"line":260,"column":13}},"60":{"start":{"line":256,"column":16},"end":{"line":259,"column":19}},"61":{"start":{"line":267,"column":8},"end":{"line":267,"column":41}},"62":{"start":{"line":268,"column":8},"end":{"line":268,"column":44}},"63":{"start":{"line":273,"column":15},"end":{"line":323,"column":2}}},"fnMap":{"0":{"name":"(anonymous_0)","decl":{"start":{"line":20,"column":4},"end":{"line":20,"column":5}},"loc":{"start":{"line":20,"column":23},"end":{"line":32,"column":5}},"line":20},"1":{"name":"(anonymous_1)","decl":{"start":{"line":35,"column":31},"end":{"line":35,"column":32}},"loc":{"start":{"line":35,"column":51},"end":{"line":46,"column":5}},"line":35},"2":{"name":"(anonymous_2)","decl":{"start":{"line":48,"column":4},"end":{"line":48,"column":5}},"loc":{"start":{"line":48,"column":25},"end":{"line":54,"column":5}},"line":48},"3":{"name":"(anonymous_3)","decl":{"start":{"line":58,"column":4},"end":{"line":58,"column":5}},"loc":{"start":{"line":58,"column":24},"end":{"line":66,"column":5}},"line":58},"4":{"name":"(anonymous_4)","decl":{"start":{"line":62,"column":78},"end":{"line":62,"column":79}},"loc":{"start":{"line":62,"column":84},"end":{"line":64,"column":13}},"line":62},"5":{"name":"(anonymous_5)","decl":{"start":{"line":68,"column":4},"end":{"line":68,"column":5}},"loc":{"start":{"line":68,"column":27},"end":{"line":70,"column":5}},"line":68},"6":{"name":"(anonymous_6)","decl":{"start":{"line":72,"column":4},"end":{"line":72,"column":5}},"loc":{"start":{"line":72,"column":13},"end":{"line":148,"column":5}},"line":72},"7":{"name":"(anonymous_7)","decl":{"start":{"line":104,"column":54},"end":{"line":104,"column":55}},"loc":{"start":{"line":104,"column":64},"end":{"line":104,"column":98}},"line":104},"8":{"name":"(anonymous_8)","decl":{"start":{"line":107,"column":63},"end":{"line":107,"column":64}},"loc":{"start":{"line":107,"column":69},"end":{"line":107,"column":88}},"line":107},"9":{"name":"(anonymous_9)","decl":{"start":{"line":110,"column":62},"end":{"line":110,"column":63}},"loc":{"start":{"line":110,"column":68},"end":{"line":110,"column":86}},"line":110},"10":{"name":"(anonymous_10)","decl":{"start":{"line":135,"column":32},"end":{"line":135,"column":33}},"loc":{"start":{"line":135,"column":41},"end":{"line":135,"column":63}},"line":135},"11":{"name":"(anonymous_11)","decl":{"start":{"line":137,"column":33},"end":{"line":137,"column":34}},"loc":{"start":{"line":137,"column":42},"end":{"line":137,"column":64}},"line":137},"12":{"name":"(anonymous_12)","decl":{"start":{"line":150,"column":4},"end":{"line":150,"column":5}},"loc":{"start":{"line":150,"column":23},"end":{"line":153,"column":5}},"line":150},"13":{"name":"(anonymous_13)","decl":{"start":{"line":156,"column":4},"end":{"line":156,"column":5}},"loc":{"start":{"line":156,"column":19},"end":{"line":172,"column":5}},"line":156},"14":{"name":"(anonymous_14)","decl":{"start":{"line":157,"column":19},"end":{"line":157,"column":20}},"loc":{"start":{"line":157,"column":25},"end":{"line":171,"column":9}},"line":157},"15":{"name":"(anonymous_15)","decl":{"start":{"line":167,"column":50},"end":{"line":167,"column":51}},"loc":{"start":{"line":167,"column":57},"end":{"line":167,"column":97}},"line":167},"16":{"name":"(anonymous_16)","decl":{"start":{"line":175,"column":4},"end":{"line":175,"column":5}},"loc":{"start":{"line":175,"column":25},"end":{"line":187,"column":5}},"line":175},"17":{"name":"(anonymous_17)","decl":{"start":{"line":176,"column":19},"end":{"line":176,"column":20}},"loc":{"start":{"line":176,"column":25},"end":{"line":186,"column":9}},"line":176},"18":{"name":"(anonymous_18)","decl":{"start":{"line":182,"column":50},"end":{"line":182,"column":51}},"loc":{"start":{"line":182,"column":57},"end":{"line":182,"column":97}},"line":182},"19":{"name":"(anonymous_19)","decl":{"start":{"line":190,"column":4},"end":{"line":190,"column":5}},"loc":{"start":{"line":190,"column":21},"end":{"line":194,"column":5}},"line":190},"20":{"name":"(anonymous_20)","decl":{"start":{"line":197,"column":4},"end":{"line":197,"column":5}},"loc":{"start":{"line":197,"column":22},"end":{"line":201,"column":5}},"line":197},"21":{"name":"(anonymous_21)","decl":{"start":{"line":204,"column":4},"end":{"line":204,"column":5}},"loc":{"start":{"line":204,"column":26},"end":{"line":206,"column":5}},"line":204},"22":{"name":"(anonymous_22)","decl":{"start":{"line":209,"column":4},"end":{"line":209,"column":5}},"loc":{"start":{"line":209,"column":23},"end":{"line":212,"column":5}},"line":209},"23":{"name":"(anonymous_23)","decl":{"start":{"line":215,"column":4},"end":{"line":215,"column":5}},"loc":{"start":{"line":215,"column":19},"end":{"line":223,"column":5}},"line":215},"24":{"name":"(anonymous_24)","decl":{"start":{"line":226,"column":4},"end":{"line":226,"column":5}},"loc":{"start":{"line":226,"column":20},"end":{"line":230,"column":5}},"line":226},"25":{"name":"(anonymous_25)","decl":{"start":{"line":233,"column":19},"end":{"line":233,"column":20}},"loc":{"start":{"line":233,"column":25},"end":{"line":236,"column":5}},"line":233},"26":{"name":"(anonymous_26)","decl":{"start":{"line":239,"column":4},"end":{"line":239,"column":5}},"loc":{"start":{"line":239,"column":24},"end":{"line":248,"column":5}},"line":239},"27":{"name":"(anonymous_27)","decl":{"start":{"line":251,"column":20},"end":{"line":251,"column":21}},"loc":{"start":{"line":251,"column":39},"end":{"line":263,"column":5}},"line":251},"28":{"name":"(anonymous_28)","decl":{"start":{"line":266,"column":16},"end":{"line":266,"column":17}},"loc":{"start":{"line":266,"column":35},"end":{"line":269,"column":5}},"line":266}},"branchMap":{"0":{"loc":{"start":{"line":36,"column":23},"end":{"line":36,"column":52}},"type":"binary-expr","locations":[{"start":{"line":36,"column":23},"end":{"line":36,"column":46}},{"start":{"line":36,"column":50},"end":{"line":36,"column":52}}],"line":36},"1":{"loc":{"start":{"line":49,"column":8},"end":{"line":53,"column":9}},"type":"if","locations":[{"start":{"line":49,"column":8},"end":{"line":53,"column":9}},{"start":{"line":49,"column":8},"end":{"line":53,"column":9}}],"line":49},"2":{"loc":{"start":{"line":59,"column":8},"end":{"line":65,"column":9}},"type":"if","locations":[{"start":{"line":59,"column":8},"end":{"line":65,"column":9}},{"start":{"line":59,"column":8},"end":{"line":65,"column":9}}],"line":59},"3":{"loc":{"start":{"line":90,"column":76},"end":{"line":90,"column":113}},"type":"cond-expr","locations":[{"start":{"line":90,"column":104},"end":{"line":90,"column":107}},{"start":{"line":90,"column":110},"end":{"line":90,"column":113}}],"line":90},"4":{"loc":{"start":{"line":100,"column":48},"end":{"line":102,"column":109}},"type":"cond-expr","locations":[{"start":{"line":102,"column":48},"end":{"line":102,"column":50}},{"start":{"line":102,"column":53},"end":{"line":102,"column":109}}],"line":100},"5":{"loc":{"start":{"line":100,"column":48},"end":{"line":101,"column":102}},"type":"binary-expr","locations":[{"start":{"line":100,"column":48},"end":{"line":100,"column":103}},{"start":{"line":101,"column":48},"end":{"line":101,"column":102}}],"line":100},"6":{"loc":{"start":{"line":161,"column":16},"end":{"line":164,"column":17}},"type":"if","locations":[{"start":{"line":161,"column":16},"end":{"line":164,"column":17}},{"start":{"line":161,"column":16},"end":{"line":164,"column":17}}],"line":161},"7":{"loc":{"start":{"line":177,"column":16},"end":{"line":180,"column":17}},"type":"if","locations":[{"start":{"line":177,"column":16},"end":{"line":180,"column":17}},{"start":{"line":177,"column":16},"end":{"line":180,"column":17}}],"line":177},"8":{"loc":{"start":{"line":216,"column":8},"end":{"line":218,"column":9}},"type":"if","locations":[{"start":{"line":216,"column":8},"end":{"line":218,"column":9}},{"start":{"line":216,"column":8},"end":{"line":218,"column":9}}],"line":216},"9":{"loc":{"start":{"line":219,"column":8},"end":{"line":221,"column":9}},"type":"if","locations":[{"start":{"line":219,"column":8},"end":{"line":221,"column":9}},{"start":{"line":219,"column":8},"end":{"line":221,"column":9}}],"line":219},"10":{"loc":{"start":{"line":241,"column":8},"end":{"line":245,"column":9}},"type":"if","locations":[{"start":{"line":241,"column":8},"end":{"line":245,"column":9}},{"start":{"line":241,"column":8},"end":{"line":245,"column":9}}],"line":241},"11":{"loc":{"start":{"line":241,"column":11},"end":{"line":241,"column":64}},"type":"binary-expr","locations":[{"start":{"line":241,"column":11},"end":{"line":241,"column":40}},{"start":{"line":241,"column":44},"end":{"line":241,"column":64}}],"line":241},"12":{"loc":{"start":{"line":255,"column":12},"end":{"line":260,"column":13}},"type":"if","locations":[{"start":{"line":255,"column":12},"end":{"line":260,"column":13}},{"start":{"line":255,"column":12},"end":{"line":260,"column":13}}],"line":255}},"s":{"0":1,"1":1,"2":0,"3":0,"4":1,"5":0,"6":1,"7":0,"8":0,"9":0,"10":1,"11":0,"12":0,"13":0,"14":0,"15":0,"16":1,"17":1,"18":1,"19":0,"20":0,"21":0,"22":0,"23":0,"24":0,"25":0,"26":0,"27":0,"28":0,"29":0,"30":0,"31":0,"32":0,"33":0,"34":0,"35":0,"36":0,"37":0,"38":0,"39":0,"40":1,"41":1,"42":0,"43":0,"44":0,"45":0,"46":0,"47":0,"48":0,"49":0,"50":0,"51":0,"52":0,"53":0,"54":0,"55":0,"56":0,"57":0,"58":0,"59":0,"60":0,"61":0,"62":0,"63":1},"f":{"0":1,"1":0,"2":1,"3":1,"4":0,"5":0,"6":1,"7":0,"8":0,"9":0,"10":0,"11":0,"12":1,"13":1,"14":0,"15":0,"16":0,"17":0,"18":0,"19":0,"20":0,"21":0,"22":1,"23":0,"24":0,"25":0,"26":0,"27":0,"28":0},"b":{"0":[0,0],"1":[1,0],"2":[1,0],"3":[0,1],"4":[1,0],"5":[1,0],"6":[0,0],"7":[0,0],"8":[0,0],"9":[0,0],"10":[0,0],"11":[0,0],"12":[0,0]},"_coverageSchema":"332fd63041d2c1bcb487cc26dd0d5f7d97098a6c","hash":"9ae1088b18c9b346a1035e36a2eb62a8312395be"}
,"/home/asmund/Desktop/progging/web3-learning/schnoodle/src/components/HomeScreen/index.js": {"path":"/home/asmund/Desktop/progging/web3-learning/schnoodle/src/components/HomeScreen/index.js","statementMap":{"0":{"start":{"line":7,"column":7},"end":{"line":7,"column":15}},"1":{"start":{"line":8,"column":7},"end":{"line":32,"column":9}},"2":{"start":{"line":46,"column":8},"end":{"line":57,"column":9}},"3":{"start":{"line":49,"column":12},"end":{"line":51,"column":15}},"4":{"start":{"line":50,"column":16},"end":{"line":50,"column":55}},"5":{"start":{"line":52,"column":12},"end":{"line":56,"column":21}},"6":{"start":{"line":53,"column":16},"end":{"line":55,"column":18}},"7":{"start":{"line":61,"column":8},"end":{"line":61,"column":35}},"8":{"start":{"line":66,"column":7},"end":{"line":95,"column":9}},"9":{"start":{"line":102,"column":19},"end":{"line":102,"column":90}},"10":{"start":{"line":103,"column":9},"end":{"line":107,"column":10}},"11":{"start":{"line":104,"column":13},"end":{"line":104,"column":35}},"12":{"start":{"line":106,"column":13},"end":{"line":106,"column":48}},"13":{"start":{"line":113,"column":19},"end":{"line":113,"column":37}},"14":{"start":{"line":114,"column":19},"end":{"line":114,"column":97}},"15":{"start":{"line":115,"column":21},"end":{"line":115,"column":105}},"16":{"start":{"line":116,"column":8},"end":{"line":118,"column":73}},"17":{"start":{"line":124,"column":15},"end":{"line":151,"column":3}}},"fnMap":{"0":{"name":"(anonymous_0)","decl":{"start":{"line":6,"column":3},"end":{"line":6,"column":4}},"loc":{"start":{"line":6,"column":17},"end":{"line":33,"column":4}},"line":6},"1":{"name":"(anonymous_1)","decl":{"start":{"line":45,"column":4},"end":{"line":45,"column":5}},"loc":{"start":{"line":45,"column":24},"end":{"line":58,"column":5}},"line":45},"2":{"name":"(anonymous_2)","decl":{"start":{"line":49,"column":78},"end":{"line":49,"column":79}},"loc":{"start":{"line":49,"column":84},"end":{"line":51,"column":13}},"line":49},"3":{"name":"(anonymous_3)","decl":{"start":{"line":52,"column":25},"end":{"line":52,"column":26}},"loc":{"start":{"line":52,"column":31},"end":{"line":56,"column":13}},"line":52},"4":{"name":"(anonymous_4)","decl":{"start":{"line":60,"column":4},"end":{"line":60,"column":5}},"loc":{"start":{"line":60,"column":27},"end":{"line":62,"column":5}},"line":60},"5":{"name":"(anonymous_5)","decl":{"start":{"line":65,"column":3},"end":{"line":65,"column":4}},"loc":{"start":{"line":65,"column":12},"end":{"line":97,"column":4}},"line":65},"6":{"name":"(anonymous_6)","decl":{"start":{"line":101,"column":21},"end":{"line":101,"column":22}},"loc":{"start":{"line":101,"column":27},"end":{"line":108,"column":5}},"line":101},"7":{"name":"(anonymous_7)","decl":{"start":{"line":112,"column":4},"end":{"line":112,"column":5}},"loc":{"start":{"line":112,"column":14},"end":{"line":119,"column":4}},"line":112}},"branchMap":{"0":{"loc":{"start":{"line":46,"column":8},"end":{"line":57,"column":9}},"type":"if","locations":[{"start":{"line":46,"column":8},"end":{"line":57,"column":9}},{"start":{"line":46,"column":8},"end":{"line":57,"column":9}}],"line":46},"1":{"loc":{"start":{"line":103,"column":9},"end":{"line":107,"column":10}},"type":"if","locations":[{"start":{"line":103,"column":9},"end":{"line":107,"column":10}},{"start":{"line":103,"column":9},"end":{"line":107,"column":10}}],"line":103},"2":{"loc":{"start":{"line":117,"column":17},"end":{"line":117,"column":48}},"type":"cond-expr","locations":[{"start":{"line":117,"column":40},"end":{"line":117,"column":43}},{"start":{"line":117,"column":46},"end":{"line":117,"column":48}}],"line":117},"3":{"loc":{"start":{"line":118,"column":17},"end":{"line":118,"column":50}},"type":"cond-expr","locations":[{"start":{"line":118,"column":42},"end":{"line":118,"column":45}},{"start":{"line":118,"column":48},"end":{"line":118,"column":50}}],"line":118}},"s":{"0":1,"1":1,"2":1,"3":0,"4":0,"5":0,"6":0,"7":0,"8":1,"9":0,"10":0,"11":0,"12":0,"13":2,"14":2,"15":2,"16":2,"17":1},"f":{"0":1,"1":1,"2":0,"3":0,"4":0,"5":1,"6":0,"7":2},"b":{"0":[1,0],"1":[0,0],"2":[0,2],"3":[0,2]},"_coverageSchema":"332fd63041d2c1bcb487cc26dd0d5f7d97098a6c","hash":"1f49c49c8eb0530ba1f1089d26963e27611680ae"}
,"/home/asmund/Desktop/progging/web3-learning/schnoodle/src/components/TodoList/index.js": {"path":"/home/asmund/Desktop/progging/web3-learning/schnoodle/src/components/TodoList/index.js","statementMap":{"0":{"start":{"line":20,"column":18},"end":{"line":20,"column":43}},"1":{"start":{"line":21,"column":20},"end":{"line":21,"column":21}},"2":{"start":{"line":26,"column":8},"end":{"line":26,"column":21}},"3":{"start":{"line":29,"column":8},"end":{"line":29,"column":32}},"4":{"start":{"line":43,"column":47},"end":{"line":43,"column":113}},"5":{"start":{"line":53,"column":8},"end":{"line":53,"column":31}},"6":{"start":{"line":56,"column":8},"end":{"line":59,"column":10}},"7":{"start":{"line":58,"column":17},"end":{"line":58,"column":109}},"8":{"start":{"line":61,"column":8},"end":{"line":64,"column":10}},"9":{"start":{"line":63,"column":18},"end":{"line":63,"column":80}},"10":{"start":{"line":67,"column":8},"end":{"line":67,"column":85}},"11":{"start":{"line":67,"column":27},"end":{"line":67,"column":83}},"12":{"start":{"line":70,"column":8},"end":{"line":76,"column":9}},"13":{"start":{"line":73,"column":12},"end":{"line":75,"column":15}},"14":{"start":{"line":74,"column":16},"end":{"line":74,"column":49}},"15":{"start":{"line":80,"column":8},"end":{"line":80,"column":35}},"16":{"start":{"line":81,"column":8},"end":{"line":81,"column":32}},"17":{"start":{"line":89,"column":8},"end":{"line":89,"column":38}},"18":{"start":{"line":94,"column":23},"end":{"line":94,"column":56}},"19":{"start":{"line":96,"column":8},"end":{"line":107,"column":9}},"20":{"start":{"line":97,"column":12},"end":{"line":106,"column":14}},"21":{"start":{"line":99,"column":42},"end":{"line":99,"column":51}},"22":{"start":{"line":100,"column":20},"end":{"line":103,"column":22}},"23":{"start":{"line":105,"column":22},"end":{"line":105,"column":50}},"24":{"start":{"line":112,"column":8},"end":{"line":121,"column":10}},"25":{"start":{"line":114,"column":28},"end":{"line":114,"column":51}},"26":{"start":{"line":116,"column":16},"end":{"line":116,"column":35}},"27":{"start":{"line":118,"column":16},"end":{"line":118,"column":40}},"28":{"start":{"line":120,"column":18},"end":{"line":120,"column":46}},"29":{"start":{"line":122,"column":8},"end":{"line":122,"column":48}},"30":{"start":{"line":127,"column":27},"end":{"line":135,"column":9}},"31":{"start":{"line":132,"column":20},"end":{"line":132,"column":42}},"32":{"start":{"line":136,"column":8},"end":{"line":154,"column":9}},"33":{"start":{"line":159,"column":8},"end":{"line":191,"column":10}},"34":{"start":{"line":162,"column":54},"end":{"line":162,"column":70}},"35":{"start":{"line":165,"column":53},"end":{"line":165,"column":81}},"36":{"start":{"line":198,"column":12},"end":{"line":215,"column":1}},"37":{"start":{"line":200,"column":8},"end":{"line":202,"column":10}},"38":{"start":{"line":201,"column":56},"end":{"line":201,"column":78}},"39":{"start":{"line":205,"column":8},"end":{"line":205,"column":55}},"40":{"start":{"line":205,"column":33},"end":{"line":205,"column":42}},"41":{"start":{"line":208,"column":8},"end":{"line":210,"column":10}},"42":{"start":{"line":209,"column":12},"end":{"line":209,"column":56}},"43":{"start":{"line":213,"column":8},"end":{"line":213,"column":81}},"44":{"start":{"line":217,"column":15},"end":{"line":268,"column":2}},"45":{"start":{"line":270,"column":0},"end":{"line":270,"column":58}},"46":{"start":{"line":270,"column":48},"end":{"line":270,"column":56}}},"fnMap":{"0":{"name":"(anonymous_0)","decl":{"start":{"line":25,"column":4},"end":{"line":25,"column":5}},"loc":{"start":{"line":25,"column":23},"end":{"line":30,"column":5}},"line":25},"1":{"name":"(anonymous_1)","decl":{"start":{"line":43,"column":41},"end":{"line":43,"column":42}},"loc":{"start":{"line":43,"column":47},"end":{"line":43,"column":113}},"line":43},"2":{"name":"(anonymous_2)","decl":{"start":{"line":52,"column":4},"end":{"line":52,"column":5}},"loc":{"start":{"line":52,"column":24},"end":{"line":77,"column":5}},"line":52},"3":{"name":"(anonymous_3)","decl":{"start":{"line":58,"column":12},"end":{"line":58,"column":13}},"loc":{"start":{"line":58,"column":17},"end":{"line":58,"column":109}},"line":58},"4":{"name":"(anonymous_4)","decl":{"start":{"line":63,"column":12},"end":{"line":63,"column":13}},"loc":{"start":{"line":63,"column":18},"end":{"line":63,"column":80}},"line":63},"5":{"name":"(anonymous_5)","decl":{"start":{"line":67,"column":18},"end":{"line":67,"column":19}},"loc":{"start":{"line":67,"column":27},"end":{"line":67,"column":83}},"line":67},"6":{"name":"(anonymous_6)","decl":{"start":{"line":73,"column":78},"end":{"line":73,"column":79}},"loc":{"start":{"line":73,"column":84},"end":{"line":75,"column":13}},"line":73},"7":{"name":"(anonymous_7)","decl":{"start":{"line":79,"column":4},"end":{"line":79,"column":5}},"loc":{"start":{"line":79,"column":27},"end":{"line":82,"column":5}},"line":79},"8":{"name":"(anonymous_8)","decl":{"start":{"line":88,"column":24},"end":{"line":88,"column":25}},"loc":{"start":{"line":88,"column":32},"end":{"line":90,"column":5}},"line":88},"9":{"name":"(anonymous_9)","decl":{"start":{"line":93,"column":14},"end":{"line":93,"column":15}},"loc":{"start":{"line":93,"column":20},"end":{"line":108,"column":5}},"line":93},"10":{"name":"(anonymous_10)","decl":{"start":{"line":98,"column":16},"end":{"line":98,"column":17}},"loc":{"start":{"line":98,"column":29},"end":{"line":104,"column":17}},"line":98},"11":{"name":"(anonymous_11)","decl":{"start":{"line":105,"column":16},"end":{"line":105,"column":17}},"loc":{"start":{"line":105,"column":22},"end":{"line":105,"column":50}},"line":105},"12":{"name":"(anonymous_12)","decl":{"start":{"line":111,"column":17},"end":{"line":111,"column":18}},"loc":{"start":{"line":111,"column":22},"end":{"line":123,"column":5}},"line":111},"13":{"name":"(anonymous_13)","decl":{"start":{"line":113,"column":12},"end":{"line":113,"column":13}},"loc":{"start":{"line":113,"column":25},"end":{"line":119,"column":13}},"line":113},"14":{"name":"(anonymous_14)","decl":{"start":{"line":120,"column":12},"end":{"line":120,"column":13}},"loc":{"start":{"line":120,"column":18},"end":{"line":120,"column":46}},"line":120},"15":{"name":"(anonymous_15)","decl":{"start":{"line":126,"column":4},"end":{"line":126,"column":5}},"loc":{"start":{"line":126,"column":28},"end":{"line":155,"column":5}},"line":126},"16":{"name":"(anonymous_16)","decl":{"start":{"line":131,"column":25},"end":{"line":131,"column":26}},"loc":{"start":{"line":131,"column":31},"end":{"line":133,"column":17}},"line":131},"17":{"name":"(anonymous_17)","decl":{"start":{"line":158,"column":4},"end":{"line":158,"column":5}},"loc":{"start":{"line":158,"column":13},"end":{"line":192,"column":5}},"line":158},"18":{"name":"(anonymous_18)","decl":{"start":{"line":162,"column":37},"end":{"line":162,"column":38}},"loc":{"start":{"line":162,"column":54},"end":{"line":162,"column":70}},"line":162},"19":{"name":"(anonymous_19)","decl":{"start":{"line":165,"column":32},"end":{"line":165,"column":33}},"loc":{"start":{"line":165,"column":53},"end":{"line":165,"column":81}},"line":165},"20":{"name":"(anonymous_20)","decl":{"start":{"line":201,"column":42},"end":{"line":201,"column":43}},"loc":{"start":{"line":201,"column":56},"end":{"line":201,"column":78}},"line":201},"21":{"name":"(anonymous_21)","decl":{"start":{"line":205,"column":25},"end":{"line":205,"column":26}},"loc":{"start":{"line":205,"column":33},"end":{"line":205,"column":42}},"line":205},"22":{"name":"(anonymous_22)","decl":{"start":{"line":208,"column":45},"end":{"line":208,"column":46}},"loc":{"start":{"line":209,"column":12},"end":{"line":209,"column":56}},"line":209},"23":{"name":"(anonymous_23)","decl":{"start":{"line":270,"column":42},"end":{"line":270,"column":43}},"loc":{"start":{"line":270,"column":48},"end":{"line":270,"column":56}},"line":270}},"branchMap":{"0":{"loc":{"start":{"line":57,"column":12},"end":{"line":57,"column":62}},"type":"cond-expr","locations":[{"start":{"line":57,"column":24},"end":{"line":57,"column":41}},{"start":{"line":57,"column":44},"end":{"line":57,"column":62}}],"line":57},"1":{"loc":{"start":{"line":58,"column":17},"end":{"line":58,"column":109}},"type":"binary-expr","locations":[{"start":{"line":58,"column":17},"end":{"line":58,"column":32}},{"start":{"line":58,"column":36},"end":{"line":58,"column":109}}],"line":58},"2":{"loc":{"start":{"line":62,"column":12},"end":{"line":62,"column":62}},"type":"cond-expr","locations":[{"start":{"line":62,"column":24},"end":{"line":62,"column":41}},{"start":{"line":62,"column":44},"end":{"line":62,"column":62}}],"line":62},"3":{"loc":{"start":{"line":63,"column":18},"end":{"line":63,"column":80}},"type":"binary-expr","locations":[{"start":{"line":63,"column":18},"end":{"line":63,"column":33}},{"start":{"line":63,"column":37},"end":{"line":63,"column":80}}],"line":63},"4":{"loc":{"start":{"line":67,"column":27},"end":{"line":67,"column":83}},"type":"binary-expr","locations":[{"start":{"line":67,"column":27},"end":{"line":67,"column":42}},{"start":{"line":67,"column":46},"end":{"line":67,"column":83}}],"line":67},"5":{"loc":{"start":{"line":67,"column":69},"end":{"line":67,"column":80}},"type":"binary-expr","locations":[{"start":{"line":67,"column":69},"end":{"line":67,"column":74}},{"start":{"line":67,"column":78},"end":{"line":67,"column":80}}],"line":67},"6":{"loc":{"start":{"line":70,"column":8},"end":{"line":76,"column":9}},"type":"if","locations":[{"start":{"line":70,"column":8},"end":{"line":76,"column":9}},{"start":{"line":70,"column":8},"end":{"line":76,"column":9}}],"line":70},"7":{"loc":{"start":{"line":96,"column":8},"end":{"line":107,"column":9}},"type":"if","locations":[{"start":{"line":96,"column":8},"end":{"line":107,"column":9}},{"start":{"line":96,"column":8},"end":{"line":107,"column":9}}],"line":96},"8":{"loc":{"start":{"line":201,"column":12},"end":{"line":201,"column":85}},"type":"cond-expr","locations":[{"start":{"line":201,"column":20},"end":{"line":201,"column":80}},{"start":{"line":201,"column":83},"end":{"line":201,"column":85}}],"line":201},"9":{"loc":{"start":{"line":257,"column":21},"end":{"line":257,"column":38}},"type":"cond-expr","locations":[{"start":{"line":257,"column":33},"end":{"line":257,"column":34}},{"start":{"line":257,"column":37},"end":{"line":257,"column":38}}],"line":257}},"s":{"0":1,"1":1,"2":1,"3":1,"4":0,"5":1,"6":1,"7":0,"8":1,"9":0,"10":1,"11":0,"12":1,"13":0,"14":0,"15":0,"16":0,"17":0,"18":0,"19":0,"20":0,"21":0,"22":0,"23":0,"24":0,"25":0,"26":0,"27":0,"28":0,"29":0,"30":0,"31":0,"32":0,"33":1,"34":0,"35":0,"36":1,"37":0,"38":0,"39":0,"40":0,"41":1,"42":0,"43":0,"44":1,"45":1,"46":0},"f":{"0":1,"1":0,"2":1,"3":0,"4":0,"5":0,"6":0,"7":0,"8":0,"9":0,"10":0,"11":0,"12":0,"13":0,"14":0,"15":0,"16":0,"17":1,"18":0,"19":0,"20":0,"21":0,"22":0,"23":0},"b":{"0":[0,1],"1":[0,0],"2":[0,1],"3":[0,0],"4":[0,0],"5":[0,0],"6":[1,0],"7":[0,0],"8":[0,0],"9":[0,1]},"_coverageSchema":"332fd63041d2c1bcb487cc26dd0d5f7d97098a6c","hash":"6404518d18729a86f94ee71866f9ea680507b4ea"}
}
