TN:
SF:/home/asmund/Desktop/progging/web3-learning/schnoodle/src/assets/background.jpg
FNF:0
FNH:0
DA:1,1
LF:1
LH:1
BRF:0
BRH:0
end_of_record
TN:
SF:/home/asmund/Desktop/progging/web3-learning/schnoodle/src/screens/Calendar/index.js
FN:19,(anonymous_0)
FN:55,(anonymous_1)
FN:70,(anonymous_2)
FN:80,(anonymous_3)
FN:84,(anonymous_4)
FN:90,(anonymous_5)
FN:94,(anonymous_6)
FN:126,(anonymous_7)
FN:129,(anonymous_8)
FN:132,(anonymous_9)
FN:157,(anonymous_10)
FN:159,(anonymous_11)
FN:172,(anonymous_12)
FN:178,(anonymous_13)
FN:179,(anonymous_14)
FN:189,(anonymous_15)
FN:197,(anonymous_16)
FN:198,(anonymous_17)
FN:204,(anonymous_18)
FN:212,(anonymous_19)
FN:219,(anonymous_20)
FN:228,(anonymous_21)
FN:233,(anonymous_22)
FN:239,(anonymous_23)
FN:251,(anonymous_24)
FN:258,(anonymous_25)
FN:264,(anonymous_26)
FN:276,(anonymous_27)
FN:291,(anonymous_28)
FNF:29
FNH:8
FNDA:1,(anonymous_0)
FNDA:0,(anonymous_1)
FNDA:1,(anonymous_2)
FNDA:1,(anonymous_3)
FNDA:0,(anonymous_4)
FNDA:0,(anonymous_5)
FNDA:1,(anonymous_6)
FNDA:0,(anonymous_7)
FNDA:0,(anonymous_8)
FNDA:0,(anonymous_9)
FNDA:0,(anonymous_10)
FNDA:0,(anonymous_11)
FNDA:1,(anonymous_12)
FNDA:1,(anonymous_13)
FNDA:0,(anonymous_14)
FNDA:0,(anonymous_15)
FNDA:0,(anonymous_16)
FNDA:0,(anonymous_17)
FNDA:0,(anonymous_18)
FNDA:0,(anonymous_19)
FNDA:0,(anonymous_20)
FNDA:0,(anonymous_21)
FNDA:1,(anonymous_22)
FNDA:1,(anonymous_23)
FNDA:0,(anonymous_24)
FNDA:0,(anonymous_25)
FNDA:0,(anonymous_26)
FNDA:0,(anonymous_27)
FNDA:0,(anonymous_28)
DA:20,1
DA:21,1
DA:56,0
DA:58,0
DA:71,1
DA:74,0
DA:81,1
DA:84,0
DA:85,0
DA:91,0
DA:95,1
DA:126,0
DA:129,0
DA:132,0
DA:157,0
DA:159,0
DA:173,1
DA:174,1
DA:179,1
DA:180,0
DA:181,0
DA:182,0
DA:183,0
DA:184,0
DA:185,0
DA:188,0
DA:189,0
DA:190,0
DA:198,0
DA:199,0
DA:200,0
DA:201,0
DA:203,0
DA:204,0
DA:205,0
DA:213,0
DA:220,0
DA:222,0
DA:229,0
DA:234,1
DA:235,1
DA:241,1
DA:242,1
DA:244,0
DA:245,0
DA:247,0
DA:252,0
DA:259,0
DA:260,0
DA:265,0
DA:266,0
DA:267,0
DA:269,0
DA:271,0
DA:272,0
DA:277,0
DA:278,0
DA:279,0
DA:280,0
DA:281,0
DA:292,0
DA:293,0
DA:298,1
LF:63
LH:13
BRDA:56,0,0,0
BRDA:56,0,1,0
BRDA:71,1,0,1
BRDA:71,1,1,0
BRDA:81,2,0,1
BRDA:81,2,1,0
BRDA:183,3,0,0
BRDA:183,3,1,0
BRDA:199,4,0,0
BRDA:199,4,1,0
BRDA:241,5,0,1
BRDA:241,5,1,0
BRDA:244,6,0,0
BRDA:244,6,1,0
BRDA:266,7,0,0
BRDA:266,7,1,0
BRDA:266,8,0,0
BRDA:266,8,1,0
BRDA:280,9,0,0
BRDA:280,9,1,0
BRF:20
BRH:3
end_of_record
TN:
SF:/home/asmund/Desktop/progging/web3-learning/schnoodle/src/screens/DailyProgress/index.js
FN:19,(anonymous_0)
FN:40,(anonymous_1)
FN:59,(anonymous_2)
FN:68,(anonymous_3)
FN:77,(anonymous_4)
FN:84,(anonymous_5)
FN:95,(anonymous_6)
FN:128,(anonymous_7)
FN:143,(anonymous_8)
FN:148,(anonymous_9)
FN:165,(anonymous_10)
FN:182,(anonymous_11)
FN:192,(anonymous_12)
FN:207,(anonymous_13)
FN:208,(anonymous_14)
FN:216,(anonymous_15)
FN:221,(anonymous_16)
FN:233,(anonymous_17)
FN:236,(anonymous_18)
FN:245,(anonymous_19)
FN:251,(anonymous_20)
FN:257,(anonymous_21)
FN:262,(anonymous_22)
FN:273,(anonymous_23)
FN:286,(anonymous_24)
FN:299,(anonymous_25)
FN:325,(anonymous_26)
FN:347,(anonymous_27)
FN:359,(anonymous_28)
FN:363,(anonymous_29)
FN:380,(anonymous_30)
FN:393,(anonymous_31)
FN:397,(anonymous_32)
FNF:33
FNH:9
FNDA:1,(anonymous_0)
FNDA:0,(anonymous_1)
FNDA:1,(anonymous_2)
FNDA:1,(anonymous_3)
FNDA:0,(anonymous_4)
FNDA:0,(anonymous_5)
FNDA:1,(anonymous_6)
FNDA:0,(anonymous_7)
FNDA:0,(anonymous_8)
FNDA:0,(anonymous_9)
FNDA:0,(anonymous_10)
FNDA:0,(anonymous_11)
FNDA:0,(anonymous_12)
FNDA:1,(anonymous_13)
FNDA:0,(anonymous_14)
FNDA:0,(anonymous_15)
FNDA:0,(anonymous_16)
FNDA:0,(anonymous_17)
FNDA:0,(anonymous_18)
FNDA:0,(anonymous_19)
FNDA:0,(anonymous_20)
FNDA:0,(anonymous_21)
FNDA:1,(anonymous_22)
FNDA:0,(anonymous_23)
FNDA:0,(anonymous_24)
FNDA:0,(anonymous_25)
FNDA:1,(anonymous_26)
FNDA:1,(anonymous_27)
FNDA:0,(anonymous_28)
FNDA:0,(anonymous_29)
FNDA:1,(anonymous_30)
FNDA:0,(anonymous_31)
FNDA:0,(anonymous_32)
DA:20,1
DA:23,1
DA:41,0
DA:43,0
DA:61,1
DA:64,0
DA:69,1
DA:70,1
DA:71,1
DA:74,1
DA:77,0
DA:78,0
DA:85,0
DA:86,0
DA:87,0
DA:88,0
DA:96,1
DA:98,1
DA:100,0
DA:102,0
DA:104,0
DA:106,0
DA:108,0
DA:109,0
DA:111,0
DA:112,0
DA:114,0
DA:115,0
DA:117,0
DA:118,0
DA:120,0
DA:121,0
DA:131,0
DA:133,0
DA:135,0
DA:137,0
DA:139,0
DA:144,0
DA:149,0
DA:150,0
DA:153,0
DA:156,0
DA:157,0
DA:160,0
DA:161,0
DA:166,0
DA:167,0
DA:170,0
DA:173,0
DA:174,0
DA:177,0
DA:178,0
DA:183,0
DA:187,0
DA:193,0
DA:194,0
DA:195,0
DA:196,0
DA:197,0
DA:198,0
DA:199,0
DA:200,0
DA:201,0
DA:208,1
DA:209,0
DA:212,0
DA:215,1
DA:217,0
DA:222,0
DA:229,1
DA:230,1
DA:231,1
DA:232,1
DA:234,0
DA:237,0
DA:246,0
DA:247,0
DA:252,0
DA:253,0
DA:258,0
DA:259,0
DA:263,1
DA:273,0
DA:286,0
DA:299,0
DA:326,1
DA:348,1
DA:359,0
DA:363,0
DA:381,1
DA:393,0
DA:397,0
DA:418,1
DA:504,1
LF:94
LH:21
BRDA:41,0,0,0
BRDA:41,0,1,0
BRDA:61,1,0,1
BRDA:61,1,1,0
BRDA:74,2,0,1
BRDA:74,2,1,0
BRDA:108,3,0,0
BRDA:108,3,1,0
BRDA:108,4,0,0
BRDA:108,4,1,0
BRDA:109,5,0,0
BRDA:109,5,1,0
BRDA:111,6,0,0
BRDA:111,6,1,0
BRDA:111,7,0,0
BRDA:111,7,1,0
BRDA:112,8,0,0
BRDA:112,8,1,0
BRDA:114,9,0,0
BRDA:114,9,1,0
BRDA:114,10,0,0
BRDA:114,10,1,0
BRDA:115,11,0,0
BRDA:115,11,1,0
BRDA:117,12,0,0
BRDA:117,12,1,0
BRDA:117,13,0,0
BRDA:117,13,1,0
BRDA:118,14,0,0
BRDA:118,14,1,0
BRDA:120,15,0,0
BRDA:120,15,1,0
BRDA:120,16,0,0
BRDA:120,16,1,0
BRDA:121,17,0,0
BRDA:121,17,1,0
BRDA:149,18,0,0
BRDA:149,18,1,0
BRDA:166,19,0,0
BRDA:166,19,1,0
BRDA:183,20,0,0
BRDA:183,20,1,0
BRDA:183,21,0,0
BRDA:183,21,1,0
BRDA:183,21,2,0
BRDA:193,22,0,0
BRDA:193,22,1,0
BRDA:196,23,0,0
BRDA:196,23,1,0
BRDA:199,24,0,0
BRDA:199,24,1,0
BRDA:209,25,0,0
BRDA:209,25,1,0
BRDA:217,26,0,0
BRDA:217,26,1,0
BRDA:222,27,0,0
BRDA:222,27,1,0
BRDA:234,28,0,0
BRDA:234,28,1,0
BRDA:237,29,0,0
BRDA:237,29,1,0
BRDA:246,30,0,0
BRDA:246,30,1,0
BRDA:322,31,0,0
BRDA:322,31,1,1
BRDA:343,32,0,0
BRDA:343,32,1,1
BRDA:376,33,0,0
BRDA:376,33,1,1
BRF:69
BRH:5
end_of_record
TN:
SF:/home/asmund/Desktop/progging/web3-learning/schnoodle/src/screens/HomeScreen/index.js
FN:6,(anonymous_0)
FN:45,(anonymous_1)
FN:49,(anonymous_2)
FN:52,(anonymous_3)
FN:60,(anonymous_4)
FN:65,(anonymous_5)
FN:101,(anonymous_6)
FN:112,(anonymous_7)
FNF:8
FNH:4
FNDA:1,(anonymous_0)
FNDA:1,(anonymous_1)
FNDA:0,(anonymous_2)
FNDA:0,(anonymous_3)
FNDA:0,(anonymous_4)
FNDA:1,(anonymous_5)
FNDA:0,(anonymous_6)
FNDA:2,(anonymous_7)
DA:7,1
DA:8,1
DA:46,1
DA:49,0
DA:50,0
DA:52,0
DA:53,0
DA:61,0
DA:66,1
DA:102,0
DA:103,0
DA:104,0
DA:106,0
DA:113,2
DA:114,2
DA:115,2
DA:116,2
DA:124,1
LF:18
LH:9
BRDA:46,0,0,1
BRDA:46,0,1,0
BRDA:103,1,0,0
BRDA:103,1,1,0
BRDA:117,2,0,0
BRDA:117,2,1,2
BRDA:118,3,0,2
BRDA:118,3,1,0
BRF:8
BRH:3
end_of_record
TN:
SF:/home/asmund/Desktop/progging/web3-learning/schnoodle/src/screens/TodoList/index.js
FN:25,(anonymous_0)
FN:43,(anonymous_1)
FN:53,(anonymous_2)
FN:59,(anonymous_3)
FN:64,(anonymous_4)
FN:68,(anonymous_5)
FN:74,(anonymous_6)
FN:80,(anonymous_7)
FN:89,(anonymous_8)
FN:94,(anonymous_9)
FN:99,(anonymous_10)
FN:106,(anonymous_11)
FN:112,(anonymous_12)
FN:114,(anonymous_13)
FN:121,(anonymous_14)
FN:127,(anonymous_15)
FN:132,(anonymous_16)
FN:159,(anonymous_17)
FN:163,(anonymous_18)
FN:166,(anonymous_19)
FN:202,(anonymous_20)
FN:206,(anonymous_21)
FN:209,(anonymous_22)
FN:271,(anonymous_23)
FNF:24
FNH:3
FNDA:1,(anonymous_0)
FNDA:0,(anonymous_1)
FNDA:1,(anonymous_2)
FNDA:0,(anonymous_3)
FNDA:0,(anonymous_4)
FNDA:0,(anonymous_5)
FNDA:0,(anonymous_6)
FNDA:0,(anonymous_7)
FNDA:0,(anonymous_8)
FNDA:0,(anonymous_9)
FNDA:0,(anonymous_10)
FNDA:0,(anonymous_11)
FNDA:0,(anonymous_12)
FNDA:0,(anonymous_13)
FNDA:0,(anonymous_14)
FNDA:0,(anonymous_15)
FNDA:0,(anonymous_16)
FNDA:1,(anonymous_17)
FNDA:0,(anonymous_18)
FNDA:0,(anonymous_19)
FNDA:0,(anonymous_20)
FNDA:0,(anonymous_21)
FNDA:0,(anonymous_22)
FNDA:0,(anonymous_23)
DA:20,1
DA:21,1
DA:26,1
DA:29,1
DA:43,0
DA:54,1
DA:57,1
DA:59,0
DA:62,1
DA:64,0
DA:68,1
DA:71,1
DA:74,0
DA:75,0
DA:81,0
DA:82,0
DA:90,0
DA:95,0
DA:97,0
DA:98,0
DA:100,0
DA:101,0
DA:106,0
DA:113,0
DA:115,0
DA:117,0
DA:119,0
DA:121,0
DA:123,0
DA:128,0
DA:133,0
DA:137,0
DA:160,1
DA:163,0
DA:166,0
DA:199,1
DA:201,0
DA:202,0
DA:206,0
DA:209,1
DA:210,0
DA:214,0
DA:218,1
DA:271,1
LF:44
LH:14
BRDA:58,0,0,0
BRDA:58,0,1,1
BRDA:59,1,0,0
BRDA:59,1,1,0
BRDA:63,2,0,0
BRDA:63,2,1,1
BRDA:64,3,0,0
BRDA:64,3,1,0
BRDA:68,4,0,0
BRDA:68,4,1,0
BRDA:68,5,0,0
BRDA:68,5,1,0
BRDA:71,6,0,1
BRDA:71,6,1,0
BRDA:97,7,0,0
BRDA:97,7,1,0
BRDA:202,8,0,0
BRDA:202,8,1,0
BRDA:258,9,0,0
BRDA:258,9,1,1
BRF:20
BRH:4
end_of_record
