TN:
SF:/home/asmund/Desktop/progging/web3-learning/schnoodle/src/assets/background.jpg
FNF:0
FNH:0
DA:1,1
LF:1
LH:1
BRF:0
BRH:0
end_of_record
TN:
SF:/home/asmund/Desktop/progging/web3-learning/schnoodle/src/components/Calendar/index.js
FN:20,(anonymous_0)
FN:35,(anonymous_1)
FN:48,(anonymous_2)
FN:58,(anonymous_3)
FN:62,(anonymous_4)
FN:68,(anonymous_5)
FN:72,(anonymous_6)
FN:104,(anonymous_7)
FN:107,(anonymous_8)
FN:110,(anonymous_9)
FN:135,(anonymous_10)
FN:137,(anonymous_11)
FN:150,(anonymous_12)
FN:156,(anonymous_13)
FN:157,(anonymous_14)
FN:167,(anonymous_15)
FN:175,(anonymous_16)
FN:176,(anonymous_17)
FN:182,(anonymous_18)
FN:190,(anonymous_19)
FN:197,(anonymous_20)
FN:204,(anonymous_21)
FN:209,(anonymous_22)
FN:215,(anonymous_23)
FN:226,(anonymous_24)
FN:233,(anonymous_25)
FN:239,(anonymous_26)
FN:251,(anonymous_27)
FN:266,(anonymous_28)
FNF:29
FNH:7
FNDA:1,(anonymous_0)
FNDA:0,(anonymous_1)
FNDA:1,(anonymous_2)
FNDA:1,(anonymous_3)
FNDA:0,(anonymous_4)
FNDA:0,(anonymous_5)
FNDA:1,(anonymous_6)
FNDA:0,(anonymous_7)
FNDA:0,(anonymous_8)
FNDA:0,(anonymous_9)
FNDA:0,(anonymous_10)
FNDA:0,(anonymous_11)
FNDA:1,(anonymous_12)
FNDA:1,(anonymous_13)
FNDA:0,(anonymous_14)
FNDA:0,(anonymous_15)
FNDA:0,(anonymous_16)
FNDA:0,(anonymous_17)
FNDA:0,(anonymous_18)
FNDA:0,(anonymous_19)
FNDA:0,(anonymous_20)
FNDA:0,(anonymous_21)
FNDA:1,(anonymous_22)
FNDA:0,(anonymous_23)
FNDA:0,(anonymous_24)
FNDA:0,(anonymous_25)
FNDA:0,(anonymous_26)
FNDA:0,(anonymous_27)
FNDA:0,(anonymous_28)
DA:21,1
DA:22,1
DA:36,0
DA:38,0
DA:49,1
DA:52,0
DA:59,1
DA:62,0
DA:63,0
DA:69,0
DA:73,1
DA:104,0
DA:107,0
DA:110,0
DA:135,0
DA:137,0
DA:151,1
DA:152,1
DA:157,1
DA:158,0
DA:159,0
DA:160,0
DA:161,0
DA:162,0
DA:163,0
DA:166,0
DA:167,0
DA:168,0
DA:176,0
DA:177,0
DA:178,0
DA:179,0
DA:181,0
DA:182,0
DA:183,0
DA:191,0
DA:198,0
DA:205,0
DA:210,1
DA:211,1
DA:216,0
DA:217,0
DA:219,0
DA:220,0
DA:222,0
DA:227,0
DA:234,0
DA:235,0
DA:240,0
DA:241,0
DA:242,0
DA:244,0
DA:246,0
DA:247,0
DA:252,0
DA:253,0
DA:254,0
DA:255,0
DA:256,0
DA:267,0
DA:268,0
DA:273,1
LF:62
LH:11
BRDA:36,0,0,0
BRDA:36,0,1,0
BRDA:49,1,0,1
BRDA:49,1,1,0
BRDA:59,2,0,1
BRDA:59,2,1,0
BRDA:90,3,0,0
BRDA:90,3,1,1
BRDA:100,4,0,1
BRDA:100,4,1,0
BRDA:100,5,0,1
BRDA:100,5,1,0
BRDA:161,6,0,0
BRDA:161,6,1,0
BRDA:177,7,0,0
BRDA:177,7,1,0
BRDA:216,8,0,0
BRDA:216,8,1,0
BRDA:219,9,0,0
BRDA:219,9,1,0
BRDA:241,10,0,0
BRDA:241,10,1,0
BRDA:241,11,0,0
BRDA:241,11,1,0
BRDA:255,12,0,0
BRDA:255,12,1,0
BRF:26
BRH:5
end_of_record
TN:
SF:/home/asmund/Desktop/progging/web3-learning/schnoodle/src/components/HomeScreen/index.js
FN:6,(anonymous_0)
FN:45,(anonymous_1)
FN:49,(anonymous_2)
FN:52,(anonymous_3)
FN:60,(anonymous_4)
FN:65,(anonymous_5)
FN:101,(anonymous_6)
FN:112,(anonymous_7)
FNF:8
FNH:4
FNDA:1,(anonymous_0)
FNDA:1,(anonymous_1)
FNDA:0,(anonymous_2)
FNDA:0,(anonymous_3)
FNDA:0,(anonymous_4)
FNDA:1,(anonymous_5)
FNDA:0,(anonymous_6)
FNDA:2,(anonymous_7)
DA:7,1
DA:8,1
DA:46,1
DA:49,0
DA:50,0
DA:52,0
DA:53,0
DA:61,0
DA:66,1
DA:102,0
DA:103,0
DA:104,0
DA:106,0
DA:113,2
DA:114,2
DA:115,2
DA:116,2
DA:124,1
LF:18
LH:9
BRDA:46,0,0,1
BRDA:46,0,1,0
BRDA:103,1,0,0
BRDA:103,1,1,0
BRDA:117,2,0,0
BRDA:117,2,1,2
BRDA:118,3,0,0
BRDA:118,3,1,2
BRF:8
BRH:3
end_of_record
TN:
SF:/home/asmund/Desktop/progging/web3-learning/schnoodle/src/components/TodoList/index.js
FN:25,(anonymous_0)
FN:43,(anonymous_1)
FN:52,(anonymous_2)
FN:58,(anonymous_3)
FN:63,(anonymous_4)
FN:67,(anonymous_5)
FN:73,(anonymous_6)
FN:79,(anonymous_7)
FN:88,(anonymous_8)
FN:93,(anonymous_9)
FN:98,(anonymous_10)
FN:105,(anonymous_11)
FN:111,(anonymous_12)
FN:113,(anonymous_13)
FN:120,(anonymous_14)
FN:126,(anonymous_15)
FN:131,(anonymous_16)
FN:158,(anonymous_17)
FN:162,(anonymous_18)
FN:165,(anonymous_19)
FN:201,(anonymous_20)
FN:205,(anonymous_21)
FN:208,(anonymous_22)
FN:270,(anonymous_23)
FNF:24
FNH:3
FNDA:1,(anonymous_0)
FNDA:0,(anonymous_1)
FNDA:1,(anonymous_2)
FNDA:0,(anonymous_3)
FNDA:0,(anonymous_4)
FNDA:0,(anonymous_5)
FNDA:0,(anonymous_6)
FNDA:0,(anonymous_7)
FNDA:0,(anonymous_8)
FNDA:0,(anonymous_9)
FNDA:0,(anonymous_10)
FNDA:0,(anonymous_11)
FNDA:0,(anonymous_12)
FNDA:0,(anonymous_13)
FNDA:0,(anonymous_14)
FNDA:0,(anonymous_15)
FNDA:0,(anonymous_16)
FNDA:1,(anonymous_17)
FNDA:0,(anonymous_18)
FNDA:0,(anonymous_19)
FNDA:0,(anonymous_20)
FNDA:0,(anonymous_21)
FNDA:0,(anonymous_22)
FNDA:0,(anonymous_23)
DA:20,1
DA:21,1
DA:26,1
DA:29,1
DA:43,0
DA:53,1
DA:56,1
DA:58,0
DA:61,1
DA:63,0
DA:67,1
DA:70,1
DA:73,0
DA:74,0
DA:80,0
DA:81,0
DA:89,0
DA:94,0
DA:96,0
DA:97,0
DA:99,0
DA:100,0
DA:105,0
DA:112,0
DA:114,0
DA:116,0
DA:118,0
DA:120,0
DA:122,0
DA:127,0
DA:132,0
DA:136,0
DA:159,1
DA:162,0
DA:165,0
DA:198,1
DA:200,0
DA:201,0
DA:205,0
DA:208,1
DA:209,0
DA:213,0
DA:217,1
DA:270,1
LF:44
LH:14
BRDA:57,0,0,0
BRDA:57,0,1,1
BRDA:58,1,0,0
BRDA:58,1,1,0
BRDA:62,2,0,0
BRDA:62,2,1,1
BRDA:63,3,0,0
BRDA:63,3,1,0
BRDA:67,4,0,0
BRDA:67,4,1,0
BRDA:67,5,0,0
BRDA:67,5,1,0
BRDA:70,6,0,1
BRDA:70,6,1,0
BRDA:96,7,0,0
BRDA:96,7,1,0
BRDA:201,8,0,0
BRDA:201,8,1,0
BRDA:257,9,0,0
BRDA:257,9,1,1
BRF:20
BRH:4
end_of_record
